<?xml version="1.0" encoding="UTF-8"?>
<testsuite xmlns:xsi="http://www.w3.org/2001/XMLSchema-instance" xsi:noNamespaceSchemaLocation="https://maven.apache.org/surefire/maven-surefire-plugin/xsd/surefire-test-report-3.0.xsd" version="3.0" name="testRunner.TestfirstRun" time="70.65" tests="2" errors="0" skipped="0" failures="0">
  <properties>
[...]
</properties>
  <testcase name="Add a new Customer" classname="Customers" time="37.241">
    <system-out><![CDATA[
@regression
Scenario: Add a new Customer                                                             # Features/Customers.feature:11
[DEBUG] Using SLF4J as the default logging framework
[DEBUG] -Dio.netty.leakDetection.level: simple
[DEBUG] -Dio.netty.leakDetection.targetRecords: 4
[DEBUG] Loaded default ResourceLeakDetector: io.netty.util.ResourceLeakDetector@241e8ea6
[DEBUG] -Dio.netty.noUnsafe: false
[DEBUG] Java version: 8
[DEBUG] sun.misc.Unsafe.theUnsafe: available
[DEBUG] sun.misc.Unsafe.copyMemory: available
[DEBUG] sun.misc.Unsafe.storeFence: available
[DEBUG] java.nio.Buffer.address: available
[DEBUG] direct buffer constructor: available
[DEBUG] java.nio.Bits.unaligned: available, true
[DEBUG] jdk.internal.misc.Unsafe.allocateUninitializedArray(int): unavailable prior to Java9
[DEBUG] java.nio.DirectByteBuffer.<init>(long, int): available
[DEBUG] sun.misc.Unsafe: available
[DEBUG] -Dio.netty.tmpdir: C:\Users\psame\AppData\Local\Temp (java.io.tmpdir)
[DEBUG] -Dio.netty.bitMode: 64 (sun.arch.data.model)
[DEBUG] Platform: Windows
[DEBUG] -Dio.netty.maxDirectMemory: 3657433088 bytes
[DEBUG] -Dio.netty.uninitializedArrayAllocationThreshold: -1
[DEBUG] java.nio.ByteBuffer.cleaner(): available
[DEBUG] -Dio.netty.noPreferDirect: false
[DEBUG] org.jctools-core.MpscChunkedArrayQueue: available
[DEBUG] -Dio.netty.threadLocalMap.stringBuilder.initialSize: 1024
[DEBUG] -Dio.netty.threadLocalMap.stringBuilder.maxSize: 4096
[DEBUG] Default protocols (JDK): [TLSv1.3, TLSv1.2] 
[DEBUG] Default cipher suites (JDK): [TLS_ECDHE_ECDSA_WITH_AES_256_GCM_SHA384, TLS_ECDHE_ECDSA_WITH_AES_128_GCM_SHA256, TLS_ECDHE_RSA_WITH_AES_128_GCM_SHA256, TLS_ECDHE_RSA_WITH_AES_256_GCM_SHA384, TLS_ECDHE_RSA_WITH_AES_128_CBC_SHA, TLS_ECDHE_RSA_WITH_AES_256_CBC_SHA, TLS_RSA_WITH_AES_128_GCM_SHA256, TLS_RSA_WITH_AES_128_CBC_SHA, TLS_RSA_WITH_AES_256_CBC_SHA, TLS_AES_128_GCM_SHA256, TLS_AES_256_GCM_SHA384]
[DEBUG] -Dio.netty.globalEventExecutor.quietPeriodSeconds: 1
[DEBUG] -Dio.netty.eventLoopThreads: 24
[DEBUG] -Dio.netty.noKeySetOptimization: false
[DEBUG] -Dio.netty.selectorAutoRebuildThreshold: 512
[DEBUG] -Dio.netty.allocator.numHeapArenas: 24
[DEBUG] -Dio.netty.allocator.numDirectArenas: 24
[DEBUG] -Dio.netty.allocator.pageSize: 8192
[DEBUG] -Dio.netty.allocator.maxOrder: 9
[DEBUG] -Dio.netty.allocator.chunkSize: 4194304
[DEBUG] -Dio.netty.allocator.smallCacheSize: 256
[DEBUG] -Dio.netty.allocator.normalCacheSize: 64
[DEBUG] -Dio.netty.allocator.maxCachedBufferCapacity: 32768
[DEBUG] -Dio.netty.allocator.cacheTrimInterval: 8192
[DEBUG] -Dio.netty.allocator.cacheTrimIntervalMillis: 0
[DEBUG] -Dio.netty.allocator.useCacheForAllThreads: false
[DEBUG] -Dio.netty.allocator.maxCachedByteBuffersPerChunk: 1023
[DEBUG] -Dio.netty.allocator.type: pooled
[DEBUG] -Dio.netty.threadLocalDirectBufferSize: 0
[DEBUG] -Dio.netty.maxThreadLocalCharBufferSize: 16384
[DEBUG] -Dio.netty.processId: 12900 (auto-detected)
[DEBUG] -Djava.net.preferIPv4Stack: false
[DEBUG] -Djava.net.preferIPv6Addresses: false
[DEBUG] Loopback interface: lo (Software Loopback Interface 1, 127.0.0.1)
[DEBUG] Failed to get SOMAXCONN from sysctl and file \proc\sys\net\core\somaxconn. Default: 200
[DEBUG] -Dio.netty.machineId: 60:e9:aa:ff:fe:a6:1e:29 (auto-detected)
[DEBUG] -Dio.netty.buffer.checkAccessible: true
[DEBUG] -Dio.netty.buffer.checkBounds: true
[DEBUG] Loaded default ResourceLeakDetector: io.netty.util.ResourceLeakDetector@27c68ed0
[DEBUG] Using new Channel '[id: 0xf5f0f1e7, L:/127.0.0.1:50349 - R:localhost/127.0.0.1:21991]' for 'POST' to '/session'
[DEBUG] -Dio.netty.recycler.maxCapacityPerThread: 4096
[DEBUG] -Dio.netty.recycler.ratio: 8
[DEBUG] -Dio.netty.recycler.chunkSize: 32
[DEBUG] -Dio.netty.recycler.blocking: false
[DEBUG] -Dio.netty.recycler.batchFastThreadLocalOnly: true
[DEBUG] brotli4j not in the classpath; Brotli support will be unavailable.
[DEBUG] 

Request DefaultHttpRequest(decodeResult: success, version: HTTP/1.1)
POST /session HTTP/1.1
User-Agent: selenium/4.9.0 (java windows)
Content-Length: 254
Content-Type: application/json; charset=utf-8
host: localhost:21991
accept: */*

Response DefaultHttpResponse(decodeResult: success, version: HTTP/1.1)
HTTP/1.1 200 OK
Content-Length: 859
Content-Type: application/json; charset=utf-8
cache-control: no-cache

[DEBUG] Adding key: http://localhost:21991 for channel [id: 0xf5f0f1e7, L:/127.0.0.1:50349 - R:localhost/127.0.0.1:21991]
[DEBUG] Using new Channel '[id: 0x0538d116, L:/127.0.0.1:50356 - R:localhost/127.0.0.1:50350]' for 'GET' to '/json/version'
[DEBUG] 

Request DefaultFullHttpRequest(decodeResult: success, version: HTTP/1.1, content: EmptyByteBufBE)
GET /json/version HTTP/1.1
User-Agent: selenium/4.9.0 (java windows)
host: localhost:50350
accept: */*

Response DefaultHttpResponse(decodeResult: success, version: HTTP/1.1)
HTTP/1.1 200 OK
Content-Security-Policy: frame-ancestors 'none'
Content-Length: 424
Content-Type: application/json; charset=UTF-8

[DEBUG] Adding key: http://localhost:50350 for channel [id: 0x0538d116, L:/127.0.0.1:50356 - R:localhost/127.0.0.1:50350]
[DEBUG] -Dio.netty.initialSeedUniquifier: 0x1f76a1697c259880
[DEBUG] Using new Channel '[id: 0x619a3b63, L:/127.0.0.1:50357 - R:localhost/127.0.0.1:50350]' for 'GET' to '/devtools/browser/24de46ae-2992-496d-8c30-29fcf5e5035d'
[DEBUG] 

Request DefaultFullHttpRequest(decodeResult: success, version: HTTP/1.1, content: EmptyByteBufBE)
GET /devtools/browser/24de46ae-2992-496d-8c30-29fcf5e5035d HTTP/1.1
upgrade: websocket
connection: upgrade
sec-websocket-key: scuEPKqC880bD08C5SL4DA==
sec-websocket-version: 13
origin: http://localhost:50350
host: localhost:50350
accept: */*
user-agent: AHC/2.1

Response DefaultHttpResponse(decodeResult: success, version: HTTP/1.1)
HTTP/1.1 101 WebSocket Protocol Handshake
Upgrade: WebSocket
Connection: Upgrade
Sec-WebSocket-Accept: JbTicAIUE8wgrLspb3LsWn7YC7M=

  Given User Launch Chrome browser                                                       # stepDefinitions.Steps.user_launch_chrome_browser()
[DEBUG] Using pooled Channel '[id: 0xf5f0f1e7, L:/127.0.0.1:50349 - R:localhost/127.0.0.1:21991]' for 'POST' to 'http://localhost:21991/session/3c74d4c9f20254028da224f93bf1bd72/url'
[DEBUG] Using open Channel [id: 0xf5f0f1e7, L:/127.0.0.1:50349 - R:localhost/127.0.0.1:21991] for POST '/session/3c74d4c9f20254028da224f93bf1bd72/url'
[DEBUG] Entry count for : http://localhost:50350 : 1
[DEBUG] 

Request DefaultHttpRequest(decodeResult: success, version: HTTP/1.1)
POST /session/3c74d4c9f20254028da224f93bf1bd72/url HTTP/1.1
User-Agent: selenium/4.9.0 (java windows)
Content-Length: 70
Content-Type: application/json; charset=utf-8
host: localhost:21991
accept: */*

Response DefaultHttpResponse(decodeResult: success, version: HTTP/1.1)
HTTP/1.1 200 OK
Content-Length: 14
Content-Type: application/json; charset=utf-8
cache-control: no-cache

[DEBUG] Adding key: http://localhost:21991 for channel [id: 0xf5f0f1e7, L:/127.0.0.1:50349 - R:localhost/127.0.0.1:21991]
[DEBUG] Using pooled Channel '[id: 0xf5f0f1e7, L:/127.0.0.1:50349 - R:localhost/127.0.0.1:21991]' for 'POST' to 'http://localhost:21991/session/3c74d4c9f20254028da224f93bf1bd72/window/maximize'
[DEBUG] Using open Channel [id: 0xf5f0f1e7, L:/127.0.0.1:50349 - R:localhost/127.0.0.1:21991] for POST '/session/3c74d4c9f20254028da224f93bf1bd72/window/maximize'
[DEBUG] Entry count for : http://localhost:50350 : 1
[DEBUG] 

Request DefaultHttpRequest(decodeResult: success, version: HTTP/1.1)
POST /session/3c74d4c9f20254028da224f93bf1bd72/window/maximize HTTP/1.1
User-Agent: selenium/4.9.0 (java windows)
Content-Length: 3
Content-Type: application/json; charset=utf-8
host: localhost:21991
accept: */*

Response DefaultHttpResponse(decodeResult: success, version: HTTP/1.1)
HTTP/1.1 200 OK
Content-Length: 51
Content-Type: application/json; charset=utf-8
cache-control: no-cache

[DEBUG] Adding key: http://localhost:21991 for channel [id: 0xf5f0f1e7, L:/127.0.0.1:50349 - R:localhost/127.0.0.1:21991]
  When User opens URL "https://admin-demo.nopcommerce.com/login"                         # stepDefinitions.Steps.user_opens_url(java.lang.String)
[DEBUG] Using pooled Channel '[id: 0xf5f0f1e7, L:/127.0.0.1:50349 - R:localhost/127.0.0.1:21991]' for 'POST' to 'http://localhost:21991/session/3c74d4c9f20254028da224f93bf1bd72/element'
[DEBUG] Using open Channel [id: 0xf5f0f1e7, L:/127.0.0.1:50349 - R:localhost/127.0.0.1:21991] for POST '/session/3c74d4c9f20254028da224f93bf1bd72/element'
[DEBUG] 

Request DefaultHttpRequest(decodeResult: success, version: HTTP/1.1)
POST /session/3c74d4c9f20254028da224f93bf1bd72/element HTTP/1.1
User-Agent: selenium/4.9.0 (java windows)
Content-Length: 50
Content-Type: application/json; charset=utf-8
host: localhost:21991
accept: */*

Response DefaultHttpResponse(decodeResult: success, version: HTTP/1.1)
HTTP/1.1 200 OK
Content-Length: 88
Content-Type: application/json; charset=utf-8
cache-control: no-cache

[DEBUG] Adding key: http://localhost:21991 for channel [id: 0xf5f0f1e7, L:/127.0.0.1:50349 - R:localhost/127.0.0.1:21991]
[DEBUG] Using pooled Channel '[id: 0xf5f0f1e7, L:/127.0.0.1:50349 - R:localhost/127.0.0.1:21991]' for 'POST' to 'http://localhost:21991/session/3c74d4c9f20254028da224f93bf1bd72/element/489cce45-4904-4490-8182-97136ee3805b/click'
[DEBUG] Using open Channel [id: 0xf5f0f1e7, L:/127.0.0.1:50349 - R:localhost/127.0.0.1:21991] for POST '/session/3c74d4c9f20254028da224f93bf1bd72/element/489cce45-4904-4490-8182-97136ee3805b/click'
[DEBUG] 

Request DefaultHttpRequest(decodeResult: success, version: HTTP/1.1)
POST /session/3c74d4c9f20254028da224f93bf1bd72/element/489cce45-4904-4490-8182-97136ee3805b/click HTTP/1.1
User-Agent: selenium/4.9.0 (java windows)
Content-Length: 50
Content-Type: application/json; charset=utf-8
host: localhost:21991
accept: */*

Response DefaultHttpResponse(decodeResult: success, version: HTTP/1.1)
HTTP/1.1 200 OK
Content-Length: 14
Content-Type: application/json; charset=utf-8
cache-control: no-cache

[DEBUG] Adding key: http://localhost:21991 for channel [id: 0xf5f0f1e7, L:/127.0.0.1:50349 - R:localhost/127.0.0.1:21991]
[DEBUG] Using pooled Channel '[id: 0xf5f0f1e7, L:/127.0.0.1:50349 - R:localhost/127.0.0.1:21991]' for 'POST' to 'http://localhost:21991/session/3c74d4c9f20254028da224f93bf1bd72/element'
[DEBUG] Using open Channel [id: 0xf5f0f1e7, L:/127.0.0.1:50349 - R:localhost/127.0.0.1:21991] for POST '/session/3c74d4c9f20254028da224f93bf1bd72/element'
[DEBUG] 

Request DefaultHttpRequest(decodeResult: success, version: HTTP/1.1)
POST /session/3c74d4c9f20254028da224f93bf1bd72/element HTTP/1.1
User-Agent: selenium/4.9.0 (java windows)
Content-Length: 50
Content-Type: application/json; charset=utf-8
host: localhost:21991
accept: */*

Response DefaultHttpResponse(decodeResult: success, version: HTTP/1.1)
HTTP/1.1 200 OK
Content-Length: 88
Content-Type: application/json; charset=utf-8
cache-control: no-cache

[DEBUG] Adding key: http://localhost:21991 for channel [id: 0xf5f0f1e7, L:/127.0.0.1:50349 - R:localhost/127.0.0.1:21991]
[DEBUG] Using pooled Channel '[id: 0xf5f0f1e7, L:/127.0.0.1:50349 - R:localhost/127.0.0.1:21991]' for 'POST' to 'http://localhost:21991/session/3c74d4c9f20254028da224f93bf1bd72/element/489cce45-4904-4490-8182-97136ee3805b/clear'
[DEBUG] Using open Channel [id: 0xf5f0f1e7, L:/127.0.0.1:50349 - R:localhost/127.0.0.1:21991] for POST '/session/3c74d4c9f20254028da224f93bf1bd72/element/489cce45-4904-4490-8182-97136ee3805b/clear'
[DEBUG] 

Request DefaultHttpRequest(decodeResult: success, version: HTTP/1.1)
POST /session/3c74d4c9f20254028da224f93bf1bd72/element/489cce45-4904-4490-8182-97136ee3805b/clear HTTP/1.1
User-Agent: selenium/4.9.0 (java windows)
Content-Length: 50
Content-Type: application/json; charset=utf-8
host: localhost:21991
accept: */*

Response DefaultHttpResponse(decodeResult: success, version: HTTP/1.1)
HTTP/1.1 200 OK
Content-Length: 14
Content-Type: application/json; charset=utf-8
cache-control: no-cache

[DEBUG] Adding key: http://localhost:21991 for channel [id: 0xf5f0f1e7, L:/127.0.0.1:50349 - R:localhost/127.0.0.1:21991]
[DEBUG] Using pooled Channel '[id: 0xf5f0f1e7, L:/127.0.0.1:50349 - R:localhost/127.0.0.1:21991]' for 'POST' to 'http://localhost:21991/session/3c74d4c9f20254028da224f93bf1bd72/element'
[DEBUG] Using open Channel [id: 0xf5f0f1e7, L:/127.0.0.1:50349 - R:localhost/127.0.0.1:21991] for POST '/session/3c74d4c9f20254028da224f93bf1bd72/element'
[DEBUG] 

Request DefaultHttpRequest(decodeResult: success, version: HTTP/1.1)
POST /session/3c74d4c9f20254028da224f93bf1bd72/element HTTP/1.1
User-Agent: selenium/4.9.0 (java windows)
Content-Length: 50
Content-Type: application/json; charset=utf-8
host: localhost:21991
accept: */*

Response DefaultHttpResponse(decodeResult: success, version: HTTP/1.1)
HTTP/1.1 200 OK
Content-Length: 88
Content-Type: application/json; charset=utf-8
cache-control: no-cache

[DEBUG] Adding key: http://localhost:21991 for channel [id: 0xf5f0f1e7, L:/127.0.0.1:50349 - R:localhost/127.0.0.1:21991]
[DEBUG] Using pooled Channel '[id: 0xf5f0f1e7, L:/127.0.0.1:50349 - R:localhost/127.0.0.1:21991]' for 'POST' to 'http://localhost:21991/session/3c74d4c9f20254028da224f93bf1bd72/element/489cce45-4904-4490-8182-97136ee3805b/value'
[DEBUG] Using open Channel [id: 0xf5f0f1e7, L:/127.0.0.1:50349 - R:localhost/127.0.0.1:21991] for POST '/session/3c74d4c9f20254028da224f93bf1bd72/element/489cce45-4904-4490-8182-97136ee3805b/value'
[DEBUG] 

Request DefaultHttpRequest(decodeResult: success, version: HTTP/1.1)
POST /session/3c74d4c9f20254028da224f93bf1bd72/element/489cce45-4904-4490-8182-97136ee3805b/value HTTP/1.1
User-Agent: selenium/4.9.0 (java windows)
Content-Length: 271
Content-Type: application/json; charset=utf-8
host: localhost:21991
accept: */*

Response DefaultHttpResponse(decodeResult: success, version: HTTP/1.1)
HTTP/1.1 200 OK
Content-Length: 14
Content-Type: application/json; charset=utf-8
cache-control: no-cache

[DEBUG] Adding key: http://localhost:21991 for channel [id: 0xf5f0f1e7, L:/127.0.0.1:50349 - R:localhost/127.0.0.1:21991]
[DEBUG] Using pooled Channel '[id: 0xf5f0f1e7, L:/127.0.0.1:50349 - R:localhost/127.0.0.1:21991]' for 'POST' to 'http://localhost:21991/session/3c74d4c9f20254028da224f93bf1bd72/element'
[DEBUG] Using open Channel [id: 0xf5f0f1e7, L:/127.0.0.1:50349 - R:localhost/127.0.0.1:21991] for POST '/session/3c74d4c9f20254028da224f93bf1bd72/element'
[DEBUG] 

Request DefaultHttpRequest(decodeResult: success, version: HTTP/1.1)
POST /session/3c74d4c9f20254028da224f93bf1bd72/element HTTP/1.1
User-Agent: selenium/4.9.0 (java windows)
Content-Length: 53
Content-Type: application/json; charset=utf-8
host: localhost:21991
accept: */*

Response DefaultHttpResponse(decodeResult: success, version: HTTP/1.1)
HTTP/1.1 200 OK
Content-Length: 88
Content-Type: application/json; charset=utf-8
cache-control: no-cache

[DEBUG] Adding key: http://localhost:21991 for channel [id: 0xf5f0f1e7, L:/127.0.0.1:50349 - R:localhost/127.0.0.1:21991]
[DEBUG] Using pooled Channel '[id: 0xf5f0f1e7, L:/127.0.0.1:50349 - R:localhost/127.0.0.1:21991]' for 'POST' to 'http://localhost:21991/session/3c74d4c9f20254028da224f93bf1bd72/element/5dd61dcd-22cd-47d2-bd44-07ccaec0ef58/click'
[DEBUG] Using open Channel [id: 0xf5f0f1e7, L:/127.0.0.1:50349 - R:localhost/127.0.0.1:21991] for POST '/session/3c74d4c9f20254028da224f93bf1bd72/element/5dd61dcd-22cd-47d2-bd44-07ccaec0ef58/click'
[DEBUG] 

Request DefaultHttpRequest(decodeResult: success, version: HTTP/1.1)
POST /session/3c74d4c9f20254028da224f93bf1bd72/element/5dd61dcd-22cd-47d2-bd44-07ccaec0ef58/click HTTP/1.1
User-Agent: selenium/4.9.0 (java windows)
Content-Length: 50
Content-Type: application/json; charset=utf-8
host: localhost:21991
accept: */*

Response DefaultHttpResponse(decodeResult: success, version: HTTP/1.1)
HTTP/1.1 200 OK
Content-Length: 14
Content-Type: application/json; charset=utf-8
cache-control: no-cache

[DEBUG] Adding key: http://localhost:21991 for channel [id: 0xf5f0f1e7, L:/127.0.0.1:50349 - R:localhost/127.0.0.1:21991]
[DEBUG] Using pooled Channel '[id: 0xf5f0f1e7, L:/127.0.0.1:50349 - R:localhost/127.0.0.1:21991]' for 'POST' to 'http://localhost:21991/session/3c74d4c9f20254028da224f93bf1bd72/element'
[DEBUG] Using open Channel [id: 0xf5f0f1e7, L:/127.0.0.1:50349 - R:localhost/127.0.0.1:21991] for POST '/session/3c74d4c9f20254028da224f93bf1bd72/element'
[DEBUG] 

Request DefaultHttpRequest(decodeResult: success, version: HTTP/1.1)
POST /session/3c74d4c9f20254028da224f93bf1bd72/element HTTP/1.1
User-Agent: selenium/4.9.0 (java windows)
Content-Length: 53
Content-Type: application/json; charset=utf-8
host: localhost:21991
accept: */*

Response DefaultHttpResponse(decodeResult: success, version: HTTP/1.1)
HTTP/1.1 200 OK
Content-Length: 88
Content-Type: application/json; charset=utf-8
cache-control: no-cache

[DEBUG] Adding key: http://localhost:21991 for channel [id: 0xf5f0f1e7, L:/127.0.0.1:50349 - R:localhost/127.0.0.1:21991]
[DEBUG] Using pooled Channel '[id: 0xf5f0f1e7, L:/127.0.0.1:50349 - R:localhost/127.0.0.1:21991]' for 'POST' to 'http://localhost:21991/session/3c74d4c9f20254028da224f93bf1bd72/element/5dd61dcd-22cd-47d2-bd44-07ccaec0ef58/clear'
[DEBUG] Using open Channel [id: 0xf5f0f1e7, L:/127.0.0.1:50349 - R:localhost/127.0.0.1:21991] for POST '/session/3c74d4c9f20254028da224f93bf1bd72/element/5dd61dcd-22cd-47d2-bd44-07ccaec0ef58/clear'
[DEBUG] 

Request DefaultHttpRequest(decodeResult: success, version: HTTP/1.1)
POST /session/3c74d4c9f20254028da224f93bf1bd72/element/5dd61dcd-22cd-47d2-bd44-07ccaec0ef58/clear HTTP/1.1
User-Agent: selenium/4.9.0 (java windows)
Content-Length: 50
Content-Type: application/json; charset=utf-8
host: localhost:21991
accept: */*

Response DefaultHttpResponse(decodeResult: success, version: HTTP/1.1)
HTTP/1.1 200 OK
Content-Length: 14
Content-Type: application/json; charset=utf-8
cache-control: no-cache

[DEBUG] Adding key: http://localhost:21991 for channel [id: 0xf5f0f1e7, L:/127.0.0.1:50349 - R:localhost/127.0.0.1:21991]
[DEBUG] Using pooled Channel '[id: 0xf5f0f1e7, L:/127.0.0.1:50349 - R:localhost/127.0.0.1:21991]' for 'POST' to 'http://localhost:21991/session/3c74d4c9f20254028da224f93bf1bd72/element'
[DEBUG] Using open Channel [id: 0xf5f0f1e7, L:/127.0.0.1:50349 - R:localhost/127.0.0.1:21991] for POST '/session/3c74d4c9f20254028da224f93bf1bd72/element'
[DEBUG] 

Request DefaultHttpRequest(decodeResult: success, version: HTTP/1.1)
POST /session/3c74d4c9f20254028da224f93bf1bd72/element HTTP/1.1
User-Agent: selenium/4.9.0 (java windows)
Content-Length: 53
Content-Type: application/json; charset=utf-8
host: localhost:21991
accept: */*

Response DefaultHttpResponse(decodeResult: success, version: HTTP/1.1)
HTTP/1.1 200 OK
Content-Length: 88
Content-Type: application/json; charset=utf-8
cache-control: no-cache

[DEBUG] Adding key: http://localhost:21991 for channel [id: 0xf5f0f1e7, L:/127.0.0.1:50349 - R:localhost/127.0.0.1:21991]
[DEBUG] Using pooled Channel '[id: 0xf5f0f1e7, L:/127.0.0.1:50349 - R:localhost/127.0.0.1:21991]' for 'POST' to 'http://localhost:21991/session/3c74d4c9f20254028da224f93bf1bd72/element/5dd61dcd-22cd-47d2-bd44-07ccaec0ef58/value'
[DEBUG] Using open Channel [id: 0xf5f0f1e7, L:/127.0.0.1:50349 - R:localhost/127.0.0.1:21991] for POST '/session/3c74d4c9f20254028da224f93bf1bd72/element/5dd61dcd-22cd-47d2-bd44-07ccaec0ef58/value'
[DEBUG] 

Request DefaultHttpRequest(decodeResult: success, version: HTTP/1.1)
POST /session/3c74d4c9f20254028da224f93bf1bd72/element/5dd61dcd-22cd-47d2-bd44-07ccaec0ef58/value HTTP/1.1
User-Agent: selenium/4.9.0 (java windows)
Content-Length: 131
Content-Type: application/json; charset=utf-8
host: localhost:21991
accept: */*

Response DefaultHttpResponse(decodeResult: success, version: HTTP/1.1)
HTTP/1.1 200 OK
Content-Length: 14
Content-Type: application/json; charset=utf-8
cache-control: no-cache

[DEBUG] Adding key: http://localhost:21991 for channel [id: 0xf5f0f1e7, L:/127.0.0.1:50349 - R:localhost/127.0.0.1:21991]
  And User enters Email as "admin@yourstore.com" and password as "admin"                 # stepDefinitions.Steps.user_enters_email_as_and_password_as(java.lang.String,java.lang.String)
[DEBUG] Using pooled Channel '[id: 0xf5f0f1e7, L:/127.0.0.1:50349 - R:localhost/127.0.0.1:21991]' for 'POST' to 'http://localhost:21991/session/3c74d4c9f20254028da224f93bf1bd72/element'
[DEBUG] Using open Channel [id: 0xf5f0f1e7, L:/127.0.0.1:50349 - R:localhost/127.0.0.1:21991] for POST '/session/3c74d4c9f20254028da224f93bf1bd72/element'
[DEBUG] 

Request DefaultHttpRequest(decodeResult: success, version: HTTP/1.1)
POST /session/3c74d4c9f20254028da224f93bf1bd72/element HTTP/1.1
User-Agent: selenium/4.9.0 (java windows)
Content-Length: 83
Content-Type: application/json; charset=utf-8
host: localhost:21991
accept: */*

Response DefaultHttpResponse(decodeResult: success, version: HTTP/1.1)
HTTP/1.1 200 OK
Content-Length: 88
Content-Type: application/json; charset=utf-8
cache-control: no-cache

[DEBUG] Adding key: http://localhost:21991 for channel [id: 0xf5f0f1e7, L:/127.0.0.1:50349 - R:localhost/127.0.0.1:21991]
[DEBUG] Using pooled Channel '[id: 0xf5f0f1e7, L:/127.0.0.1:50349 - R:localhost/127.0.0.1:21991]' for 'POST' to 'http://localhost:21991/session/3c74d4c9f20254028da224f93bf1bd72/element/c79ccb9d-f300-4169-9500-d99e53cd14bb/click'
[DEBUG] Using open Channel [id: 0xf5f0f1e7, L:/127.0.0.1:50349 - R:localhost/127.0.0.1:21991] for POST '/session/3c74d4c9f20254028da224f93bf1bd72/element/c79ccb9d-f300-4169-9500-d99e53cd14bb/click'
[DEBUG] Entry count for : http://localhost:50350 : 1
[DEBUG] Entry count for : http://localhost:50350 : 1
[DEBUG] Entry count for : http://localhost:50350 : 1
[DEBUG] Entry count for : http://localhost:50350 : 1
[DEBUG] Entry count for : http://localhost:50350 : 1
[DEBUG] 

Request DefaultHttpRequest(decodeResult: success, version: HTTP/1.1)
POST /session/3c74d4c9f20254028da224f93bf1bd72/element/c79ccb9d-f300-4169-9500-d99e53cd14bb/click HTTP/1.1
User-Agent: selenium/4.9.0 (java windows)
Content-Length: 50
Content-Type: application/json; charset=utf-8
host: localhost:21991
accept: */*

Response DefaultHttpResponse(decodeResult: success, version: HTTP/1.1)
HTTP/1.1 200 OK
Content-Length: 14
Content-Type: application/json; charset=utf-8
cache-control: no-cache

[DEBUG] Adding key: http://localhost:21991 for channel [id: 0xf5f0f1e7, L:/127.0.0.1:50349 - R:localhost/127.0.0.1:21991]
[DEBUG] Entry count for : http://localhost:50350 : 1
[DEBUG] Entry count for : http://localhost:21991 : 1
[DEBUG] Entry count for : http://localhost:50350 : 1
[DEBUG] Entry count for : http://localhost:21991 : 1
[DEBUG] Entry count for : http://localhost:50350 : 1
[DEBUG] Entry count for : http://localhost:21991 : 1
[DEBUG] Entry count for : http://localhost:50350 : 1
[DEBUG] Entry count for : http://localhost:21991 : 1
  And Click on login                                                                     # stepDefinitions.Steps.click_on_login()
[DEBUG] Using pooled Channel '[id: 0xf5f0f1e7, L:/127.0.0.1:50349 - R:localhost/127.0.0.1:21991]' for 'GET' to 'http://localhost:21991/session/3c74d4c9f20254028da224f93bf1bd72/title'
[DEBUG] Using open Channel [id: 0xf5f0f1e7, L:/127.0.0.1:50349 - R:localhost/127.0.0.1:21991] for GET '/session/3c74d4c9f20254028da224f93bf1bd72/title'
[DEBUG] 

Request DefaultFullHttpRequest(decodeResult: success, version: HTTP/1.1, content: EmptyByteBufBE)
GET /session/3c74d4c9f20254028da224f93bf1bd72/title HTTP/1.1
User-Agent: selenium/4.9.0 (java windows)
Cache-Control: no-cache
Content-Type: application/json; charset=utf-8
host: localhost:21991
accept: */*

Response DefaultHttpResponse(decodeResult: success, version: HTTP/1.1)
HTTP/1.1 200 OK
Content-Length: 50
Content-Type: application/json; charset=utf-8
cache-control: no-cache

[DEBUG] Adding key: http://localhost:21991 for channel [id: 0xf5f0f1e7, L:/127.0.0.1:50349 - R:localhost/127.0.0.1:21991]
  Then User can view Dashboard                                                           # stepDefinitions.Steps.user_can_view_dashboard()
[DEBUG] Entry count for : http://localhost:50350 : 1
[DEBUG] Entry count for : http://localhost:21991 : 1
[DEBUG] Entry count for : http://localhost:50350 : 1
[DEBUG] Entry count for : http://localhost:21991 : 1
[DEBUG] Entry count for : http://localhost:50350 : 1
[DEBUG] Entry count for : http://localhost:21991 : 1
[DEBUG] Using pooled Channel '[id: 0xf5f0f1e7, L:/127.0.0.1:50349 - R:localhost/127.0.0.1:21991]' for 'POST' to 'http://localhost:21991/session/3c74d4c9f20254028da224f93bf1bd72/element'
[DEBUG] Using open Channel [id: 0xf5f0f1e7, L:/127.0.0.1:50349 - R:localhost/127.0.0.1:21991] for POST '/session/3c74d4c9f20254028da224f93bf1bd72/element'
[DEBUG] 

Request DefaultHttpRequest(decodeResult: success, version: HTTP/1.1)
POST /session/3c74d4c9f20254028da224f93bf1bd72/element HTTP/1.1
User-Agent: selenium/4.9.0 (java windows)
Content-Length: 104
Content-Type: application/json; charset=utf-8
host: localhost:21991
accept: */*

Response DefaultHttpResponse(decodeResult: success, version: HTTP/1.1)
HTTP/1.1 200 OK
Content-Length: 88
Content-Type: application/json; charset=utf-8
cache-control: no-cache

[DEBUG] Adding key: http://localhost:21991 for channel [id: 0xf5f0f1e7, L:/127.0.0.1:50349 - R:localhost/127.0.0.1:21991]
[DEBUG] Using pooled Channel '[id: 0xf5f0f1e7, L:/127.0.0.1:50349 - R:localhost/127.0.0.1:21991]' for 'POST' to 'http://localhost:21991/session/3c74d4c9f20254028da224f93bf1bd72/element/884d212b-7a01-4c3f-94f6-0dbf86317a13/click'
[DEBUG] Using open Channel [id: 0xf5f0f1e7, L:/127.0.0.1:50349 - R:localhost/127.0.0.1:21991] for POST '/session/3c74d4c9f20254028da224f93bf1bd72/element/884d212b-7a01-4c3f-94f6-0dbf86317a13/click'
[DEBUG] 

Request DefaultHttpRequest(decodeResult: success, version: HTTP/1.1)
POST /session/3c74d4c9f20254028da224f93bf1bd72/element/884d212b-7a01-4c3f-94f6-0dbf86317a13/click HTTP/1.1
User-Agent: selenium/4.9.0 (java windows)
Content-Length: 50
Content-Type: application/json; charset=utf-8
host: localhost:21991
accept: */*

Response DefaultHttpResponse(decodeResult: success, version: HTTP/1.1)
HTTP/1.1 200 OK
Content-Length: 14
Content-Type: application/json; charset=utf-8
cache-control: no-cache

[DEBUG] Adding key: http://localhost:21991 for channel [id: 0xf5f0f1e7, L:/127.0.0.1:50349 - R:localhost/127.0.0.1:21991]
  When User click on customers Menu                                                      # stepDefinitions.Steps.user_click_on_customers_menu()
[DEBUG] Entry count for : http://localhost:50350 : 1
[DEBUG] Entry count for : http://localhost:21991 : 1
[DEBUG] Entry count for : http://localhost:50350 : 1
[DEBUG] Entry count for : http://localhost:21991 : 1
[DEBUG] Using pooled Channel '[id: 0xf5f0f1e7, L:/127.0.0.1:50349 - R:localhost/127.0.0.1:21991]' for 'POST' to 'http://localhost:21991/session/3c74d4c9f20254028da224f93bf1bd72/element'
[DEBUG] Using open Channel [id: 0xf5f0f1e7, L:/127.0.0.1:50349 - R:localhost/127.0.0.1:21991] for POST '/session/3c74d4c9f20254028da224f93bf1bd72/element'
[DEBUG] 

Request DefaultHttpRequest(decodeResult: success, version: HTTP/1.1)
POST /session/3c74d4c9f20254028da224f93bf1bd72/element HTTP/1.1
User-Agent: selenium/4.9.0 (java windows)
Content-Length: 138
Content-Type: application/json; charset=utf-8
host: localhost:21991
accept: */*

Response DefaultHttpResponse(decodeResult: success, version: HTTP/1.1)
HTTP/1.1 200 OK
Content-Length: 88
Content-Type: application/json; charset=utf-8
cache-control: no-cache

[DEBUG] Adding key: http://localhost:21991 for channel [id: 0xf5f0f1e7, L:/127.0.0.1:50349 - R:localhost/127.0.0.1:21991]
[DEBUG] Using pooled Channel '[id: 0xf5f0f1e7, L:/127.0.0.1:50349 - R:localhost/127.0.0.1:21991]' for 'POST' to 'http://localhost:21991/session/3c74d4c9f20254028da224f93bf1bd72/element/ffa67de3-8601-4a79-b5ae-62b9d66a10bc/click'
[DEBUG] Using open Channel [id: 0xf5f0f1e7, L:/127.0.0.1:50349 - R:localhost/127.0.0.1:21991] for POST '/session/3c74d4c9f20254028da224f93bf1bd72/element/ffa67de3-8601-4a79-b5ae-62b9d66a10bc/click'
[DEBUG] Entry count for : http://localhost:50350 : 1
[DEBUG] Entry count for : http://localhost:50350 : 1
[DEBUG] 

Request DefaultHttpRequest(decodeResult: success, version: HTTP/1.1)
POST /session/3c74d4c9f20254028da224f93bf1bd72/element/ffa67de3-8601-4a79-b5ae-62b9d66a10bc/click HTTP/1.1
User-Agent: selenium/4.9.0 (java windows)
Content-Length: 50
Content-Type: application/json; charset=utf-8
host: localhost:21991
accept: */*

Response DefaultHttpResponse(decodeResult: success, version: HTTP/1.1)
HTTP/1.1 200 OK
Content-Length: 14
Content-Type: application/json; charset=utf-8
cache-control: no-cache

[DEBUG] Adding key: http://localhost:21991 for channel [id: 0xf5f0f1e7, L:/127.0.0.1:50349 - R:localhost/127.0.0.1:21991]
  And click on customers Menu Item                                                       # stepDefinitions.Steps.click_on_customers_menu_item()
[DEBUG] Using pooled Channel '[id: 0xf5f0f1e7, L:/127.0.0.1:50349 - R:localhost/127.0.0.1:21991]' for 'POST' to 'http://localhost:21991/session/3c74d4c9f20254028da224f93bf1bd72/element'
[DEBUG] Using open Channel [id: 0xf5f0f1e7, L:/127.0.0.1:50349 - R:localhost/127.0.0.1:21991] for POST '/session/3c74d4c9f20254028da224f93bf1bd72/element'
[DEBUG] 

Request DefaultHttpRequest(decodeResult: success, version: HTTP/1.1)
POST /session/3c74d4c9f20254028da224f93bf1bd72/element HTTP/1.1
User-Agent: selenium/4.9.0 (java windows)
Content-Length: 79
Content-Type: application/json; charset=utf-8
host: localhost:21991
accept: */*

Response DefaultHttpResponse(decodeResult: success, version: HTTP/1.1)
HTTP/1.1 200 OK
Content-Length: 88
Content-Type: application/json; charset=utf-8
cache-control: no-cache

[DEBUG] Adding key: http://localhost:21991 for channel [id: 0xf5f0f1e7, L:/127.0.0.1:50349 - R:localhost/127.0.0.1:21991]
[DEBUG] Using pooled Channel '[id: 0xf5f0f1e7, L:/127.0.0.1:50349 - R:localhost/127.0.0.1:21991]' for 'POST' to 'http://localhost:21991/session/3c74d4c9f20254028da224f93bf1bd72/element/d055a125-b02e-4c17-8c03-6aa1aefbc3ca/click'
[DEBUG] Using open Channel [id: 0xf5f0f1e7, L:/127.0.0.1:50349 - R:localhost/127.0.0.1:21991] for POST '/session/3c74d4c9f20254028da224f93bf1bd72/element/d055a125-b02e-4c17-8c03-6aa1aefbc3ca/click'
[DEBUG] Entry count for : http://localhost:50350 : 1
[DEBUG] Entry count for : http://localhost:50350 : 1
[DEBUG] 

Request DefaultHttpRequest(decodeResult: success, version: HTTP/1.1)
POST /session/3c74d4c9f20254028da224f93bf1bd72/element/d055a125-b02e-4c17-8c03-6aa1aefbc3ca/click HTTP/1.1
User-Agent: selenium/4.9.0 (java windows)
Content-Length: 50
Content-Type: application/json; charset=utf-8
host: localhost:21991
accept: */*

Response DefaultHttpResponse(decodeResult: success, version: HTTP/1.1)
HTTP/1.1 200 OK
Content-Length: 14
Content-Type: application/json; charset=utf-8
cache-control: no-cache

[DEBUG] Adding key: http://localhost:21991 for channel [id: 0xf5f0f1e7, L:/127.0.0.1:50349 - R:localhost/127.0.0.1:21991]
  And click on Add new button                                                            # stepDefinitions.Steps.click_on_add_new_button()
[DEBUG] Entry count for : http://localhost:50350 : 1
[DEBUG] Entry count for : http://localhost:21991 : 1
[DEBUG] Entry count for : http://localhost:50350 : 1
[DEBUG] Entry count for : http://localhost:21991 : 1
[DEBUG] Entry count for : http://localhost:50350 : 1
[DEBUG] Entry count for : http://localhost:21991 : 1
[DEBUG] Using pooled Channel '[id: 0xf5f0f1e7, L:/127.0.0.1:50349 - R:localhost/127.0.0.1:21991]' for 'GET' to 'http://localhost:21991/session/3c74d4c9f20254028da224f93bf1bd72/title'
[DEBUG] Using open Channel [id: 0xf5f0f1e7, L:/127.0.0.1:50349 - R:localhost/127.0.0.1:21991] for GET '/session/3c74d4c9f20254028da224f93bf1bd72/title'
[DEBUG] 

Request DefaultFullHttpRequest(decodeResult: success, version: HTTP/1.1, content: EmptyByteBufBE)
GET /session/3c74d4c9f20254028da224f93bf1bd72/title HTTP/1.1
User-Agent: selenium/4.9.0 (java windows)
Cache-Control: no-cache
Content-Type: application/json; charset=utf-8
host: localhost:21991
accept: */*

Response DefaultHttpResponse(decodeResult: success, version: HTTP/1.1)
HTTP/1.1 200 OK
Content-Length: 59
Content-Type: application/json; charset=utf-8
cache-control: no-cache

[DEBUG] Adding key: http://localhost:21991 for channel [id: 0xf5f0f1e7, L:/127.0.0.1:50349 - R:localhost/127.0.0.1:21991]
  Then User can view Add new customer page.                                              # stepDefinitions.Steps.user_can_view_add_new_customer_page()
[DEBUG] Using pooled Channel '[id: 0xf5f0f1e7, L:/127.0.0.1:50349 - R:localhost/127.0.0.1:21991]' for 'POST' to 'http://localhost:21991/session/3c74d4c9f20254028da224f93bf1bd72/element'
[DEBUG] Using open Channel [id: 0xf5f0f1e7, L:/127.0.0.1:50349 - R:localhost/127.0.0.1:21991] for POST '/session/3c74d4c9f20254028da224f93bf1bd72/element'
[DEBUG] 

Request DefaultHttpRequest(decodeResult: success, version: HTTP/1.1)
POST /session/3c74d4c9f20254028da224f93bf1bd72/element HTTP/1.1
User-Agent: selenium/4.9.0 (java windows)
Content-Length: 67
Content-Type: application/json; charset=utf-8
host: localhost:21991
accept: */*

Response DefaultHttpResponse(decodeResult: success, version: HTTP/1.1)
HTTP/1.1 200 OK
Content-Length: 88
Content-Type: application/json; charset=utf-8
cache-control: no-cache

[DEBUG] Adding key: http://localhost:21991 for channel [id: 0xf5f0f1e7, L:/127.0.0.1:50349 - R:localhost/127.0.0.1:21991]
[DEBUG] Using pooled Channel '[id: 0xf5f0f1e7, L:/127.0.0.1:50349 - R:localhost/127.0.0.1:21991]' for 'POST' to 'http://localhost:21991/session/3c74d4c9f20254028da224f93bf1bd72/element/37a19c99-1bf5-41c2-aaf5-7843a1a2b65d/value'
[DEBUG] Using open Channel [id: 0xf5f0f1e7, L:/127.0.0.1:50349 - R:localhost/127.0.0.1:21991] for POST '/session/3c74d4c9f20254028da224f93bf1bd72/element/37a19c99-1bf5-41c2-aaf5-7843a1a2b65d/value'
[DEBUG] 

Request DefaultHttpRequest(decodeResult: success, version: HTTP/1.1)
POST /session/3c74d4c9f20254028da224f93bf1bd72/element/37a19c99-1bf5-41c2-aaf5-7843a1a2b65d/value HTTP/1.1
User-Agent: selenium/4.9.0 (java windows)
Content-Length: 231
Content-Type: application/json; charset=utf-8
host: localhost:21991
accept: */*

Response DefaultHttpResponse(decodeResult: success, version: HTTP/1.1)
HTTP/1.1 200 OK
Content-Length: 14
Content-Type: application/json; charset=utf-8
cache-control: no-cache

[DEBUG] Adding key: http://localhost:21991 for channel [id: 0xf5f0f1e7, L:/127.0.0.1:50349 - R:localhost/127.0.0.1:21991]
[DEBUG] Using pooled Channel '[id: 0xf5f0f1e7, L:/127.0.0.1:50349 - R:localhost/127.0.0.1:21991]' for 'POST' to 'http://localhost:21991/session/3c74d4c9f20254028da224f93bf1bd72/element'
[DEBUG] Using open Channel [id: 0xf5f0f1e7, L:/127.0.0.1:50349 - R:localhost/127.0.0.1:21991] for POST '/session/3c74d4c9f20254028da224f93bf1bd72/element'
[DEBUG] 

Request DefaultHttpRequest(decodeResult: success, version: HTTP/1.1)
POST /session/3c74d4c9f20254028da224f93bf1bd72/element HTTP/1.1
User-Agent: selenium/4.9.0 (java windows)
Content-Length: 70
Content-Type: application/json; charset=utf-8
host: localhost:21991
accept: */*

Response DefaultHttpResponse(decodeResult: success, version: HTTP/1.1)
HTTP/1.1 200 OK
Content-Length: 88
Content-Type: application/json; charset=utf-8
cache-control: no-cache

[DEBUG] Adding key: http://localhost:21991 for channel [id: 0xf5f0f1e7, L:/127.0.0.1:50349 - R:localhost/127.0.0.1:21991]
[DEBUG] Using pooled Channel '[id: 0xf5f0f1e7, L:/127.0.0.1:50349 - R:localhost/127.0.0.1:21991]' for 'POST' to 'http://localhost:21991/session/3c74d4c9f20254028da224f93bf1bd72/element/9a6bbf97-22c8-4639-814b-ca01bc41c530/value'
[DEBUG] Using open Channel [id: 0xf5f0f1e7, L:/127.0.0.1:50349 - R:localhost/127.0.0.1:21991] for POST '/session/3c74d4c9f20254028da224f93bf1bd72/element/9a6bbf97-22c8-4639-814b-ca01bc41c530/value'
[DEBUG] 

Request DefaultHttpRequest(decodeResult: success, version: HTTP/1.1)
POST /session/3c74d4c9f20254028da224f93bf1bd72/element/9a6bbf97-22c8-4639-814b-ca01bc41c530/value HTTP/1.1
User-Agent: selenium/4.9.0 (java windows)
Content-Length: 151
Content-Type: application/json; charset=utf-8
host: localhost:21991
accept: */*

Response DefaultHttpResponse(decodeResult: success, version: HTTP/1.1)
HTTP/1.1 200 OK
Content-Length: 14
Content-Type: application/json; charset=utf-8
cache-control: no-cache

[DEBUG] Adding key: http://localhost:21991 for channel [id: 0xf5f0f1e7, L:/127.0.0.1:50349 - R:localhost/127.0.0.1:21991]
[DEBUG] Entry count for : http://localhost:50350 : 1
[DEBUG] Entry count for : http://localhost:21991 : 1
[DEBUG] Entry count for : http://localhost:50350 : 1
[DEBUG] Entry count for : http://localhost:21991 : 1
[DEBUG] Entry count for : http://localhost:50350 : 1
[DEBUG] Entry count for : http://localhost:21991 : 1
[DEBUG] Using pooled Channel '[id: 0xf5f0f1e7, L:/127.0.0.1:50349 - R:localhost/127.0.0.1:21991]' for 'POST' to 'http://localhost:21991/session/3c74d4c9f20254028da224f93bf1bd72/element'
[DEBUG] Using open Channel [id: 0xf5f0f1e7, L:/127.0.0.1:50349 - R:localhost/127.0.0.1:21991] for POST '/session/3c74d4c9f20254028da224f93bf1bd72/element'
[DEBUG] 

Request DefaultHttpRequest(decodeResult: success, version: HTTP/1.1)
POST /session/3c74d4c9f20254028da224f93bf1bd72/element HTTP/1.1
User-Agent: selenium/4.9.0 (java windows)
Content-Length: 66
Content-Type: application/json; charset=utf-8
host: localhost:21991
accept: */*

Response DefaultHttpResponse(decodeResult: success, version: HTTP/1.1)
HTTP/1.1 200 OK
Content-Length: 88
Content-Type: application/json; charset=utf-8
cache-control: no-cache

[DEBUG] Adding key: http://localhost:21991 for channel [id: 0xf5f0f1e7, L:/127.0.0.1:50349 - R:localhost/127.0.0.1:21991]
[DEBUG] Using pooled Channel '[id: 0xf5f0f1e7, L:/127.0.0.1:50349 - R:localhost/127.0.0.1:21991]' for 'GET' to 'http://localhost:21991/session/3c74d4c9f20254028da224f93bf1bd72/element/a9ce3f64-d3e7-4200-94e0-ce0792129554/name'
[DEBUG] Using open Channel [id: 0xf5f0f1e7, L:/127.0.0.1:50349 - R:localhost/127.0.0.1:21991] for GET '/session/3c74d4c9f20254028da224f93bf1bd72/element/a9ce3f64-d3e7-4200-94e0-ce0792129554/name'
[DEBUG] 

Request DefaultFullHttpRequest(decodeResult: success, version: HTTP/1.1, content: EmptyByteBufBE)
GET /session/3c74d4c9f20254028da224f93bf1bd72/element/a9ce3f64-d3e7-4200-94e0-ce0792129554/name HTTP/1.1
User-Agent: selenium/4.9.0 (java windows)
Cache-Control: no-cache
Content-Type: application/json; charset=utf-8
host: localhost:21991
accept: */*

Response DefaultHttpResponse(decodeResult: success, version: HTTP/1.1)
HTTP/1.1 200 OK
Content-Length: 18
Content-Type: application/json; charset=utf-8
cache-control: no-cache

[DEBUG] Adding key: http://localhost:21991 for channel [id: 0xf5f0f1e7, L:/127.0.0.1:50349 - R:localhost/127.0.0.1:21991]
[DEBUG] Using pooled Channel '[id: 0xf5f0f1e7, L:/127.0.0.1:50349 - R:localhost/127.0.0.1:21991]' for 'GET' to 'http://localhost:21991/session/3c74d4c9f20254028da224f93bf1bd72/element/a9ce3f64-d3e7-4200-94e0-ce0792129554/attribute/multiple'
[DEBUG] Using open Channel [id: 0xf5f0f1e7, L:/127.0.0.1:50349 - R:localhost/127.0.0.1:21991] for GET '/session/3c74d4c9f20254028da224f93bf1bd72/element/a9ce3f64-d3e7-4200-94e0-ce0792129554/attribute/multiple'
[DEBUG] 

Request DefaultFullHttpRequest(decodeResult: success, version: HTTP/1.1, content: EmptyByteBufBE)
GET /session/3c74d4c9f20254028da224f93bf1bd72/element/a9ce3f64-d3e7-4200-94e0-ce0792129554/attribute/multiple HTTP/1.1
User-Agent: selenium/4.9.0 (java windows)
Cache-Control: no-cache
Content-Type: application/json; charset=utf-8
host: localhost:21991
accept: */*

Response DefaultHttpResponse(decodeResult: success, version: HTTP/1.1)
HTTP/1.1 200 OK
Content-Length: 14
Content-Type: application/json; charset=utf-8
cache-control: no-cache

[DEBUG] Adding key: http://localhost:21991 for channel [id: 0xf5f0f1e7, L:/127.0.0.1:50349 - R:localhost/127.0.0.1:21991]
[DEBUG] Using pooled Channel '[id: 0xf5f0f1e7, L:/127.0.0.1:50349 - R:localhost/127.0.0.1:21991]' for 'GET' to 'http://localhost:21991/session/3c74d4c9f20254028da224f93bf1bd72/element/a9ce3f64-d3e7-4200-94e0-ce0792129554/enabled'
[DEBUG] Using open Channel [id: 0xf5f0f1e7, L:/127.0.0.1:50349 - R:localhost/127.0.0.1:21991] for GET '/session/3c74d4c9f20254028da224f93bf1bd72/element/a9ce3f64-d3e7-4200-94e0-ce0792129554/enabled'
[DEBUG] 

Request DefaultFullHttpRequest(decodeResult: success, version: HTTP/1.1, content: EmptyByteBufBE)
GET /session/3c74d4c9f20254028da224f93bf1bd72/element/a9ce3f64-d3e7-4200-94e0-ce0792129554/enabled HTTP/1.1
User-Agent: selenium/4.9.0 (java windows)
Cache-Control: no-cache
Content-Type: application/json; charset=utf-8
host: localhost:21991
accept: */*

Response DefaultHttpResponse(decodeResult: success, version: HTTP/1.1)
HTTP/1.1 200 OK
Content-Length: 14
Content-Type: application/json; charset=utf-8
cache-control: no-cache

[DEBUG] Adding key: http://localhost:21991 for channel [id: 0xf5f0f1e7, L:/127.0.0.1:50349 - R:localhost/127.0.0.1:21991]
[DEBUG] Using pooled Channel '[id: 0xf5f0f1e7, L:/127.0.0.1:50349 - R:localhost/127.0.0.1:21991]' for 'POST' to 'http://localhost:21991/session/3c74d4c9f20254028da224f93bf1bd72/element/a9ce3f64-d3e7-4200-94e0-ce0792129554/elements'
[DEBUG] Using open Channel [id: 0xf5f0f1e7, L:/127.0.0.1:50349 - R:localhost/127.0.0.1:21991] for POST '/session/3c74d4c9f20254028da224f93bf1bd72/element/a9ce3f64-d3e7-4200-94e0-ce0792129554/elements'
[DEBUG] 

Request DefaultHttpRequest(decodeResult: success, version: HTTP/1.1)
POST /session/3c74d4c9f20254028da224f93bf1bd72/element/a9ce3f64-d3e7-4200-94e0-ce0792129554/elements HTTP/1.1
User-Agent: selenium/4.9.0 (java windows)
Content-Length: 139
Content-Type: application/json; charset=utf-8
host: localhost:21991
accept: */*

Response DefaultHttpResponse(decodeResult: success, version: HTTP/1.1)
HTTP/1.1 200 OK
Content-Length: 90
Content-Type: application/json; charset=utf-8
cache-control: no-cache

[DEBUG] Adding key: http://localhost:21991 for channel [id: 0xf5f0f1e7, L:/127.0.0.1:50349 - R:localhost/127.0.0.1:21991]
[DEBUG] Using pooled Channel '[id: 0xf5f0f1e7, L:/127.0.0.1:50349 - R:localhost/127.0.0.1:21991]' for 'GET' to 'http://localhost:21991/session/3c74d4c9f20254028da224f93bf1bd72/element/5de75a05-b303-43b1-a849-398253cbe770/enabled'
[DEBUG] Using open Channel [id: 0xf5f0f1e7, L:/127.0.0.1:50349 - R:localhost/127.0.0.1:21991] for GET '/session/3c74d4c9f20254028da224f93bf1bd72/element/5de75a05-b303-43b1-a849-398253cbe770/enabled'
[DEBUG] 

Request DefaultFullHttpRequest(decodeResult: success, version: HTTP/1.1, content: EmptyByteBufBE)
GET /session/3c74d4c9f20254028da224f93bf1bd72/element/5de75a05-b303-43b1-a849-398253cbe770/enabled HTTP/1.1
User-Agent: selenium/4.9.0 (java windows)
Cache-Control: no-cache
Content-Type: application/json; charset=utf-8
host: localhost:21991
accept: */*

Response DefaultHttpResponse(decodeResult: success, version: HTTP/1.1)
HTTP/1.1 200 OK
Content-Length: 14
Content-Type: application/json; charset=utf-8
cache-control: no-cache

[DEBUG] Adding key: http://localhost:21991 for channel [id: 0xf5f0f1e7, L:/127.0.0.1:50349 - R:localhost/127.0.0.1:21991]
[DEBUG] Using pooled Channel '[id: 0xf5f0f1e7, L:/127.0.0.1:50349 - R:localhost/127.0.0.1:21991]' for 'GET' to 'http://localhost:21991/session/3c74d4c9f20254028da224f93bf1bd72/element/5de75a05-b303-43b1-a849-398253cbe770/selected'
[DEBUG] Using open Channel [id: 0xf5f0f1e7, L:/127.0.0.1:50349 - R:localhost/127.0.0.1:21991] for GET '/session/3c74d4c9f20254028da224f93bf1bd72/element/5de75a05-b303-43b1-a849-398253cbe770/selected'
[DEBUG] 

Request DefaultFullHttpRequest(decodeResult: success, version: HTTP/1.1, content: EmptyByteBufBE)
GET /session/3c74d4c9f20254028da224f93bf1bd72/element/5de75a05-b303-43b1-a849-398253cbe770/selected HTTP/1.1
User-Agent: selenium/4.9.0 (java windows)
Cache-Control: no-cache
Content-Type: application/json; charset=utf-8
host: localhost:21991
accept: */*

Response DefaultHttpResponse(decodeResult: success, version: HTTP/1.1)
HTTP/1.1 200 OK
Content-Length: 15
Content-Type: application/json; charset=utf-8
cache-control: no-cache

[DEBUG] Adding key: http://localhost:21991 for channel [id: 0xf5f0f1e7, L:/127.0.0.1:50349 - R:localhost/127.0.0.1:21991]
[DEBUG] Using pooled Channel '[id: 0xf5f0f1e7, L:/127.0.0.1:50349 - R:localhost/127.0.0.1:21991]' for 'POST' to 'http://localhost:21991/session/3c74d4c9f20254028da224f93bf1bd72/element/5de75a05-b303-43b1-a849-398253cbe770/click'
[DEBUG] Using open Channel [id: 0xf5f0f1e7, L:/127.0.0.1:50349 - R:localhost/127.0.0.1:21991] for POST '/session/3c74d4c9f20254028da224f93bf1bd72/element/5de75a05-b303-43b1-a849-398253cbe770/click'
[DEBUG] 

Request DefaultHttpRequest(decodeResult: success, version: HTTP/1.1)
POST /session/3c74d4c9f20254028da224f93bf1bd72/element/5de75a05-b303-43b1-a849-398253cbe770/click HTTP/1.1
User-Agent: selenium/4.9.0 (java windows)
Content-Length: 50
Content-Type: application/json; charset=utf-8
host: localhost:21991
accept: */*

Response DefaultHttpResponse(decodeResult: success, version: HTTP/1.1)
HTTP/1.1 200 OK
Content-Length: 14
Content-Type: application/json; charset=utf-8
cache-control: no-cache

[DEBUG] Adding key: http://localhost:21991 for channel [id: 0xf5f0f1e7, L:/127.0.0.1:50349 - R:localhost/127.0.0.1:21991]
[DEBUG] Using pooled Channel '[id: 0xf5f0f1e7, L:/127.0.0.1:50349 - R:localhost/127.0.0.1:21991]' for 'POST' to 'http://localhost:21991/session/3c74d4c9f20254028da224f93bf1bd72/element'
[DEBUG] Using open Channel [id: 0xf5f0f1e7, L:/127.0.0.1:50349 - R:localhost/127.0.0.1:21991] for POST '/session/3c74d4c9f20254028da224f93bf1bd72/element'
[DEBUG] 

Request DefaultHttpRequest(decodeResult: success, version: HTTP/1.1)
POST /session/3c74d4c9f20254028da224f93bf1bd72/element HTTP/1.1
User-Agent: selenium/4.9.0 (java windows)
Content-Length: 77
Content-Type: application/json; charset=utf-8
host: localhost:21991
accept: */*

Response DefaultHttpResponse(decodeResult: success, version: HTTP/1.1)
HTTP/1.1 200 OK
Content-Length: 88
Content-Type: application/json; charset=utf-8
cache-control: no-cache

[DEBUG] Adding key: http://localhost:21991 for channel [id: 0xf5f0f1e7, L:/127.0.0.1:50349 - R:localhost/127.0.0.1:21991]
[DEBUG] Using pooled Channel '[id: 0xf5f0f1e7, L:/127.0.0.1:50349 - R:localhost/127.0.0.1:21991]' for 'POST' to 'http://localhost:21991/session/3c74d4c9f20254028da224f93bf1bd72/element/6d4241ae-da42-4e06-a007-6a5b1af0ee3f/value'
[DEBUG] Using open Channel [id: 0xf5f0f1e7, L:/127.0.0.1:50349 - R:localhost/127.0.0.1:21991] for POST '/session/3c74d4c9f20254028da224f93bf1bd72/element/6d4241ae-da42-4e06-a007-6a5b1af0ee3f/value'
[DEBUG] 

Request DefaultHttpRequest(decodeResult: success, version: HTTP/1.1)
POST /session/3c74d4c9f20254028da224f93bf1bd72/element/6d4241ae-da42-4e06-a007-6a5b1af0ee3f/value HTTP/1.1
User-Agent: selenium/4.9.0 (java windows)
Content-Length: 341
Content-Type: application/json; charset=utf-8
host: localhost:21991
accept: */*

Response DefaultHttpResponse(decodeResult: success, version: HTTP/1.1)
HTTP/1.1 200 OK
Content-Length: 14
Content-Type: application/json; charset=utf-8
cache-control: no-cache

[DEBUG] Adding key: http://localhost:21991 for channel [id: 0xf5f0f1e7, L:/127.0.0.1:50349 - R:localhost/127.0.0.1:21991]
[DEBUG] Using pooled Channel '[id: 0xf5f0f1e7, L:/127.0.0.1:50349 - R:localhost/127.0.0.1:21991]' for 'POST' to 'http://localhost:21991/session/3c74d4c9f20254028da224f93bf1bd72/execute/sync'
[DEBUG] Using open Channel [id: 0xf5f0f1e7, L:/127.0.0.1:50349 - R:localhost/127.0.0.1:21991] for POST '/session/3c74d4c9f20254028da224f93bf1bd72/execute/sync'
[DEBUG] 

Request DefaultHttpRequest(decodeResult: success, version: HTTP/1.1)
POST /session/3c74d4c9f20254028da224f93bf1bd72/execute/sync HTTP/1.1
User-Agent: selenium/4.9.0 (java windows)
Content-Length: 65
Content-Type: application/json; charset=utf-8
host: localhost:21991
accept: */*

Response DefaultHttpResponse(decodeResult: success, version: HTTP/1.1)
HTTP/1.1 200 OK
Content-Length: 14
Content-Type: application/json; charset=utf-8
cache-control: no-cache

[DEBUG] Adding key: http://localhost:21991 for channel [id: 0xf5f0f1e7, L:/127.0.0.1:50349 - R:localhost/127.0.0.1:21991]
[DEBUG] Using pooled Channel '[id: 0xf5f0f1e7, L:/127.0.0.1:50349 - R:localhost/127.0.0.1:21991]' for 'POST' to 'http://localhost:21991/session/3c74d4c9f20254028da224f93bf1bd72/element'
[DEBUG] Using open Channel [id: 0xf5f0f1e7, L:/127.0.0.1:50349 - R:localhost/127.0.0.1:21991] for POST '/session/3c74d4c9f20254028da224f93bf1bd72/element'
[DEBUG] 

Request DefaultHttpRequest(decodeResult: success, version: HTTP/1.1)
POST /session/3c74d4c9f20254028da224f93bf1bd72/element HTTP/1.1
User-Agent: selenium/4.9.0 (java windows)
Content-Length: 73
Content-Type: application/json; charset=utf-8
host: localhost:21991
accept: */*

Response DefaultHttpResponse(decodeResult: success, version: HTTP/1.1)
HTTP/1.1 200 OK
Content-Length: 88
Content-Type: application/json; charset=utf-8
cache-control: no-cache

[DEBUG] Adding key: http://localhost:21991 for channel [id: 0xf5f0f1e7, L:/127.0.0.1:50349 - R:localhost/127.0.0.1:21991]
[DEBUG] Using pooled Channel '[id: 0xf5f0f1e7, L:/127.0.0.1:50349 - R:localhost/127.0.0.1:21991]' for 'POST' to 'http://localhost:21991/session/3c74d4c9f20254028da224f93bf1bd72/element/5fb59a15-6ebd-4104-8f26-7f1574494f09/click'
[DEBUG] Using open Channel [id: 0xf5f0f1e7, L:/127.0.0.1:50349 - R:localhost/127.0.0.1:21991] for POST '/session/3c74d4c9f20254028da224f93bf1bd72/element/5fb59a15-6ebd-4104-8f26-7f1574494f09/click'
[DEBUG] 

Request DefaultHttpRequest(decodeResult: success, version: HTTP/1.1)
POST /session/3c74d4c9f20254028da224f93bf1bd72/element/5fb59a15-6ebd-4104-8f26-7f1574494f09/click HTTP/1.1
User-Agent: selenium/4.9.0 (java windows)
Content-Length: 50
Content-Type: application/json; charset=utf-8
host: localhost:21991
accept: */*

Response DefaultHttpResponse(decodeResult: success, version: HTTP/1.1)
HTTP/1.1 200 OK
Content-Length: 14
Content-Type: application/json; charset=utf-8
cache-control: no-cache

[DEBUG] Adding key: http://localhost:21991 for channel [id: 0xf5f0f1e7, L:/127.0.0.1:50349 - R:localhost/127.0.0.1:21991]
[DEBUG] Using pooled Channel '[id: 0xf5f0f1e7, L:/127.0.0.1:50349 - R:localhost/127.0.0.1:21991]' for 'POST' to 'http://localhost:21991/session/3c74d4c9f20254028da224f93bf1bd72/element'
[DEBUG] Using open Channel [id: 0xf5f0f1e7, L:/127.0.0.1:50349 - R:localhost/127.0.0.1:21991] for POST '/session/3c74d4c9f20254028da224f93bf1bd72/element'
[DEBUG] 

Request DefaultHttpRequest(decodeResult: success, version: HTTP/1.1)
POST /session/3c74d4c9f20254028da224f93bf1bd72/element HTTP/1.1
User-Agent: selenium/4.9.0 (java windows)
Content-Length: 71
Content-Type: application/json; charset=utf-8
host: localhost:21991
accept: */*

Response DefaultHttpResponse(decodeResult: success, version: HTTP/1.1)
HTTP/1.1 200 OK
Content-Length: 88
Content-Type: application/json; charset=utf-8
cache-control: no-cache

[DEBUG] Adding key: http://localhost:21991 for channel [id: 0xf5f0f1e7, L:/127.0.0.1:50349 - R:localhost/127.0.0.1:21991]
[DEBUG] Using pooled Channel '[id: 0xf5f0f1e7, L:/127.0.0.1:50349 - R:localhost/127.0.0.1:21991]' for 'POST' to 'http://localhost:21991/session/3c74d4c9f20254028da224f93bf1bd72/element/a93e5467-db19-4287-9abe-62b859200cb2/value'
[DEBUG] Using open Channel [id: 0xf5f0f1e7, L:/127.0.0.1:50349 - R:localhost/127.0.0.1:21991] for POST '/session/3c74d4c9f20254028da224f93bf1bd72/element/a93e5467-db19-4287-9abe-62b859200cb2/value'
[DEBUG] Entry count for : http://localhost:50350 : 1
[DEBUG] 

Request DefaultHttpRequest(decodeResult: success, version: HTTP/1.1)
POST /session/3c74d4c9f20254028da224f93bf1bd72/element/a93e5467-db19-4287-9abe-62b859200cb2/value HTTP/1.1
User-Agent: selenium/4.9.0 (java windows)
Content-Length: 131
Content-Type: application/json; charset=utf-8
host: localhost:21991
accept: */*

Response DefaultHttpResponse(decodeResult: success, version: HTTP/1.1)
HTTP/1.1 200 OK
Content-Length: 14
Content-Type: application/json; charset=utf-8
cache-control: no-cache

[DEBUG] Adding key: http://localhost:21991 for channel [id: 0xf5f0f1e7, L:/127.0.0.1:50349 - R:localhost/127.0.0.1:21991]
[DEBUG] Using pooled Channel '[id: 0xf5f0f1e7, L:/127.0.0.1:50349 - R:localhost/127.0.0.1:21991]' for 'POST' to 'http://localhost:21991/session/3c74d4c9f20254028da224f93bf1bd72/element'
[DEBUG] Using open Channel [id: 0xf5f0f1e7, L:/127.0.0.1:50349 - R:localhost/127.0.0.1:21991] for POST '/session/3c74d4c9f20254028da224f93bf1bd72/element'
[DEBUG] 

Request DefaultHttpRequest(decodeResult: success, version: HTTP/1.1)
POST /session/3c74d4c9f20254028da224f93bf1bd72/element HTTP/1.1
User-Agent: selenium/4.9.0 (java windows)
Content-Length: 70
Content-Type: application/json; charset=utf-8
host: localhost:21991
accept: */*

Response DefaultHttpResponse(decodeResult: success, version: HTTP/1.1)
HTTP/1.1 200 OK
Content-Length: 88
Content-Type: application/json; charset=utf-8
cache-control: no-cache

[DEBUG] Adding key: http://localhost:21991 for channel [id: 0xf5f0f1e7, L:/127.0.0.1:50349 - R:localhost/127.0.0.1:21991]
[DEBUG] Using pooled Channel '[id: 0xf5f0f1e7, L:/127.0.0.1:50349 - R:localhost/127.0.0.1:21991]' for 'POST' to 'http://localhost:21991/session/3c74d4c9f20254028da224f93bf1bd72/element/8c5870b6-78b7-4325-b62b-726553a0f811/value'
[DEBUG] Using open Channel [id: 0xf5f0f1e7, L:/127.0.0.1:50349 - R:localhost/127.0.0.1:21991] for POST '/session/3c74d4c9f20254028da224f93bf1bd72/element/8c5870b6-78b7-4325-b62b-726553a0f811/value'
[DEBUG] 

Request DefaultHttpRequest(decodeResult: success, version: HTTP/1.1)
POST /session/3c74d4c9f20254028da224f93bf1bd72/element/8c5870b6-78b7-4325-b62b-726553a0f811/value HTTP/1.1
User-Agent: selenium/4.9.0 (java windows)
Content-Length: 131
Content-Type: application/json; charset=utf-8
host: localhost:21991
accept: */*

Response DefaultHttpResponse(decodeResult: success, version: HTTP/1.1)
HTTP/1.1 200 OK
Content-Length: 14
Content-Type: application/json; charset=utf-8
cache-control: no-cache

[DEBUG] Adding key: http://localhost:21991 for channel [id: 0xf5f0f1e7, L:/127.0.0.1:50349 - R:localhost/127.0.0.1:21991]
[DEBUG] Using pooled Channel '[id: 0xf5f0f1e7, L:/127.0.0.1:50349 - R:localhost/127.0.0.1:21991]' for 'POST' to 'http://localhost:21991/session/3c74d4c9f20254028da224f93bf1bd72/element'
[DEBUG] Using open Channel [id: 0xf5f0f1e7, L:/127.0.0.1:50349 - R:localhost/127.0.0.1:21991] for POST '/session/3c74d4c9f20254028da224f93bf1bd72/element'
[DEBUG] 

Request DefaultHttpRequest(decodeResult: success, version: HTTP/1.1)
POST /session/3c74d4c9f20254028da224f93bf1bd72/element HTTP/1.1
User-Agent: selenium/4.9.0 (java windows)
Content-Length: 73
Content-Type: application/json; charset=utf-8
host: localhost:21991
accept: */*

Response DefaultHttpResponse(decodeResult: success, version: HTTP/1.1)
HTTP/1.1 200 OK
Content-Length: 88
Content-Type: application/json; charset=utf-8
cache-control: no-cache

[DEBUG] Adding key: http://localhost:21991 for channel [id: 0xf5f0f1e7, L:/127.0.0.1:50349 - R:localhost/127.0.0.1:21991]
[DEBUG] Using pooled Channel '[id: 0xf5f0f1e7, L:/127.0.0.1:50349 - R:localhost/127.0.0.1:21991]' for 'POST' to 'http://localhost:21991/session/3c74d4c9f20254028da224f93bf1bd72/element/89af8b35-a541-4088-8400-87d98db0d115/value'
[DEBUG] Using open Channel [id: 0xf5f0f1e7, L:/127.0.0.1:50349 - R:localhost/127.0.0.1:21991] for POST '/session/3c74d4c9f20254028da224f93bf1bd72/element/89af8b35-a541-4088-8400-87d98db0d115/value'
[DEBUG] 

Request DefaultHttpRequest(decodeResult: success, version: HTTP/1.1)
POST /session/3c74d4c9f20254028da224f93bf1bd72/element/89af8b35-a541-4088-8400-87d98db0d115/value HTTP/1.1
User-Agent: selenium/4.9.0 (java windows)
Content-Length: 191
Content-Type: application/json; charset=utf-8
host: localhost:21991
accept: */*

Response DefaultHttpResponse(decodeResult: success, version: HTTP/1.1)
HTTP/1.1 200 OK
Content-Length: 14
Content-Type: application/json; charset=utf-8
cache-control: no-cache

[DEBUG] Adding key: http://localhost:21991 for channel [id: 0xf5f0f1e7, L:/127.0.0.1:50349 - R:localhost/127.0.0.1:21991]
[DEBUG] Using pooled Channel '[id: 0xf5f0f1e7, L:/127.0.0.1:50349 - R:localhost/127.0.0.1:21991]' for 'POST' to 'http://localhost:21991/session/3c74d4c9f20254028da224f93bf1bd72/element'
[DEBUG] Using open Channel [id: 0xf5f0f1e7, L:/127.0.0.1:50349 - R:localhost/127.0.0.1:21991] for POST '/session/3c74d4c9f20254028da224f93bf1bd72/element'
[DEBUG] 

Request DefaultHttpRequest(decodeResult: success, version: HTTP/1.1)
POST /session/3c74d4c9f20254028da224f93bf1bd72/element HTTP/1.1
User-Agent: selenium/4.9.0 (java windows)
Content-Length: 69
Content-Type: application/json; charset=utf-8
host: localhost:21991
accept: */*

Response DefaultHttpResponse(decodeResult: success, version: HTTP/1.1)
HTTP/1.1 200 OK
Content-Length: 88
Content-Type: application/json; charset=utf-8
cache-control: no-cache

[DEBUG] Adding key: http://localhost:21991 for channel [id: 0xf5f0f1e7, L:/127.0.0.1:50349 - R:localhost/127.0.0.1:21991]
[DEBUG] Using pooled Channel '[id: 0xf5f0f1e7, L:/127.0.0.1:50349 - R:localhost/127.0.0.1:21991]' for 'POST' to 'http://localhost:21991/session/3c74d4c9f20254028da224f93bf1bd72/element/1873dcda-bd4f-4336-bb1f-f206714bc9ba/value'
[DEBUG] Using open Channel [id: 0xf5f0f1e7, L:/127.0.0.1:50349 - R:localhost/127.0.0.1:21991] for POST '/session/3c74d4c9f20254028da224f93bf1bd72/element/1873dcda-bd4f-4336-bb1f-f206714bc9ba/value'
[DEBUG] 

Request DefaultHttpRequest(decodeResult: success, version: HTTP/1.1)
POST /session/3c74d4c9f20254028da224f93bf1bd72/element/1873dcda-bd4f-4336-bb1f-f206714bc9ba/value HTTP/1.1
User-Agent: selenium/4.9.0 (java windows)
Content-Length: 111
Content-Type: application/json; charset=utf-8
host: localhost:21991
accept: */*

Response DefaultHttpResponse(decodeResult: success, version: HTTP/1.1)
HTTP/1.1 200 OK
Content-Length: 14
Content-Type: application/json; charset=utf-8
cache-control: no-cache

[DEBUG] Adding key: http://localhost:21991 for channel [id: 0xf5f0f1e7, L:/127.0.0.1:50349 - R:localhost/127.0.0.1:21991]
  When User enter customer info                                                          # stepDefinitions.Steps.user_enter_customer_info()
[DEBUG] Using pooled Channel '[id: 0xf5f0f1e7, L:/127.0.0.1:50349 - R:localhost/127.0.0.1:21991]' for 'POST' to 'http://localhost:21991/session/3c74d4c9f20254028da224f93bf1bd72/element'
[DEBUG] Using open Channel [id: 0xf5f0f1e7, L:/127.0.0.1:50349 - R:localhost/127.0.0.1:21991] for POST '/session/3c74d4c9f20254028da224f93bf1bd72/element'
[DEBUG] 

Request DefaultHttpRequest(decodeResult: success, version: HTTP/1.1)
POST /session/3c74d4c9f20254028da224f93bf1bd72/element HTTP/1.1
User-Agent: selenium/4.9.0 (java windows)
Content-Length: 69
Content-Type: application/json; charset=utf-8
host: localhost:21991
accept: */*

Response DefaultHttpResponse(decodeResult: success, version: HTTP/1.1)
HTTP/1.1 200 OK
Content-Length: 88
Content-Type: application/json; charset=utf-8
cache-control: no-cache

[DEBUG] Adding key: http://localhost:21991 for channel [id: 0xf5f0f1e7, L:/127.0.0.1:50349 - R:localhost/127.0.0.1:21991]
[DEBUG] Using pooled Channel '[id: 0xf5f0f1e7, L:/127.0.0.1:50349 - R:localhost/127.0.0.1:21991]' for 'POST' to 'http://localhost:21991/session/3c74d4c9f20254028da224f93bf1bd72/element/946baad1-a3ac-4b59-8652-59056d6b41b8/click'
[DEBUG] Using open Channel [id: 0xf5f0f1e7, L:/127.0.0.1:50349 - R:localhost/127.0.0.1:21991] for POST '/session/3c74d4c9f20254028da224f93bf1bd72/element/946baad1-a3ac-4b59-8652-59056d6b41b8/click'
[DEBUG] Entry count for : http://localhost:50350 : 1
[DEBUG] 

Request DefaultHttpRequest(decodeResult: success, version: HTTP/1.1)
POST /session/3c74d4c9f20254028da224f93bf1bd72/element/946baad1-a3ac-4b59-8652-59056d6b41b8/click HTTP/1.1
User-Agent: selenium/4.9.0 (java windows)
Content-Length: 50
Content-Type: application/json; charset=utf-8
host: localhost:21991
accept: */*

Response DefaultHttpResponse(decodeResult: success, version: HTTP/1.1)
HTTP/1.1 200 OK
Content-Length: 14
Content-Type: application/json; charset=utf-8
cache-control: no-cache

[DEBUG] Adding key: http://localhost:21991 for channel [id: 0xf5f0f1e7, L:/127.0.0.1:50349 - R:localhost/127.0.0.1:21991]
[DEBUG] Entry count for : http://localhost:50350 : 1
[DEBUG] Entry count for : http://localhost:21991 : 1
[DEBUG] Entry count for : http://localhost:50350 : 1
[DEBUG] Entry count for : http://localhost:21991 : 1
[DEBUG] Entry count for : http://localhost:50350 : 1
[DEBUG] Entry count for : http://localhost:21991 : 1
  And click on Save button                                                               # stepDefinitions.Steps.click_on_save_button()
[DEBUG] Using pooled Channel '[id: 0xf5f0f1e7, L:/127.0.0.1:50349 - R:localhost/127.0.0.1:21991]' for 'POST' to 'http://localhost:21991/session/3c74d4c9f20254028da224f93bf1bd72/element'
[DEBUG] Using open Channel [id: 0xf5f0f1e7, L:/127.0.0.1:50349 - R:localhost/127.0.0.1:21991] for POST '/session/3c74d4c9f20254028da224f93bf1bd72/element'
[DEBUG] 

Request DefaultHttpRequest(decodeResult: success, version: HTTP/1.1)
POST /session/3c74d4c9f20254028da224f93bf1bd72/element HTTP/1.1
User-Agent: selenium/4.9.0 (java windows)
Content-Length: 78
Content-Type: application/json; charset=utf-8
host: localhost:21991
accept: */*

Response DefaultHttpResponse(decodeResult: success, version: HTTP/1.1)
HTTP/1.1 200 OK
Content-Length: 88
Content-Type: application/json; charset=utf-8
cache-control: no-cache

[DEBUG] Adding key: http://localhost:21991 for channel [id: 0xf5f0f1e7, L:/127.0.0.1:50349 - R:localhost/127.0.0.1:21991]
[DEBUG] Using pooled Channel '[id: 0xf5f0f1e7, L:/127.0.0.1:50349 - R:localhost/127.0.0.1:21991]' for 'GET' to 'http://localhost:21991/session/3c74d4c9f20254028da224f93bf1bd72/element/c6935a70-72e6-49f8-8798-9becd1062cd8/text'
[DEBUG] Using open Channel [id: 0xf5f0f1e7, L:/127.0.0.1:50349 - R:localhost/127.0.0.1:21991] for GET '/session/3c74d4c9f20254028da224f93bf1bd72/element/c6935a70-72e6-49f8-8798-9becd1062cd8/text'
[DEBUG] 

Request DefaultFullHttpRequest(decodeResult: success, version: HTTP/1.1, content: EmptyByteBufBE)
GET /session/3c74d4c9f20254028da224f93bf1bd72/element/c6935a70-72e6-49f8-8798-9becd1062cd8/text HTTP/1.1
User-Agent: selenium/4.9.0 (java windows)
Cache-Control: no-cache
Content-Type: application/json; charset=utf-8
host: localhost:21991
accept: */*

Response DefaultHttpResponse(decodeResult: success, version: HTTP/1.1)
HTTP/1.1 200 OK
Content-Length: 1459
Content-Type: application/json; charset=utf-8
cache-control: no-cache

[DEBUG] Adding key: http://localhost:21991 for channel [id: 0xf5f0f1e7, L:/127.0.0.1:50349 - R:localhost/127.0.0.1:21991]
  Then User can view confirmation mesage "The new customer has been added successfully." # stepDefinitions.Steps.user_can_view_confirmation_mesage(java.lang.String)
[DEBUG] Using pooled Channel '[id: 0xf5f0f1e7, L:/127.0.0.1:50349 - R:localhost/127.0.0.1:21991]' for 'DELETE' to 'http://localhost:21991/session/3c74d4c9f20254028da224f93bf1bd72/window'
[DEBUG] Using open Channel [id: 0xf5f0f1e7, L:/127.0.0.1:50349 - R:localhost/127.0.0.1:21991] for DELETE '/session/3c74d4c9f20254028da224f93bf1bd72/window'
[DEBUG] Entry count for : http://localhost:50350 : 1
[DEBUG] Unexpected I/O exception on channel [id: 0x619a3b63, L:/127.0.0.1:50357 - R:localhost/127.0.0.1:50350]
java.io.IOException: An existing connection was forcibly closed by the remote host
	at sun.nio.ch.SocketDispatcher.read0(Native Method) ~[na:1.8.0_371]
	at sun.nio.ch.SocketDispatcher.read(SocketDispatcher.java:43) ~[na:1.8.0_371]
	at sun.nio.ch.IOUtil.readIntoNativeBuffer(IOUtil.java:223) ~[na:1.8.0_371]
	at sun.nio.ch.IOUtil.read(IOUtil.java:192) ~[na:1.8.0_371]
	at sun.nio.ch.SocketChannelImpl.read(SocketChannelImpl.java:378) ~[na:1.8.0_371]
	at io.netty.buffer.PooledByteBuf.setBytes(PooledByteBuf.java:256) ~[netty-buffer-4.1.91.Final.jar:4.1.91.Final]
	at io.netty.buffer.AbstractByteBuf.writeBytes(AbstractByteBuf.java:1132) ~[netty-buffer-4.1.91.Final.jar:4.1.91.Final]
	at io.netty.channel.socket.nio.NioSocketChannel.doReadBytes(NioSocketChannel.java:357) ~[netty-transport-4.1.91.Final.jar:4.1.91.Final]
	at io.netty.channel.nio.AbstractNioByteChannel$NioByteUnsafe.read(AbstractNioByteChannel.java:151) ~[netty-transport-4.1.91.Final.jar:4.1.91.Final]
	at io.netty.channel.nio.NioEventLoop.processSelectedKey(NioEventLoop.java:788) [netty-transport-4.1.91.Final.jar:4.1.91.Final]
	at io.netty.channel.nio.NioEventLoop.processSelectedKeysOptimized(NioEventLoop.java:724) [netty-transport-4.1.91.Final.jar:4.1.91.Final]
	at io.netty.channel.nio.NioEventLoop.processSelectedKeys(NioEventLoop.java:650) [netty-transport-4.1.91.Final.jar:4.1.91.Final]
	at io.netty.channel.nio.NioEventLoop.run(NioEventLoop.java:562) [netty-transport-4.1.91.Final.jar:4.1.91.Final]
	at io.netty.util.concurrent.SingleThreadEventExecutor$4.run(SingleThreadEventExecutor.java:997) [netty-common-4.1.91.Final.jar:4.1.91.Final]
	at io.netty.util.internal.ThreadExecutorMap$2.run(ThreadExecutorMap.java:74) [netty-common-4.1.91.Final.jar:4.1.91.Final]
	at io.netty.util.concurrent.FastThreadLocalRunnable.run(FastThreadLocalRunnable.java:30) [netty-common-4.1.91.Final.jar:4.1.91.Final]
	at java.lang.Thread.run(Thread.java:750) [na:1.8.0_371]
[DEBUG] Unexpected I/O exception on channel [id: 0x0538d116, L:/127.0.0.1:50356 - R:localhost/127.0.0.1:50350]
java.io.IOException: An existing connection was forcibly closed by the remote host
	at sun.nio.ch.SocketDispatcher.read0(Native Method) ~[na:1.8.0_371]
	at sun.nio.ch.SocketDispatcher.read(SocketDispatcher.java:43) ~[na:1.8.0_371]
	at sun.nio.ch.IOUtil.readIntoNativeBuffer(IOUtil.java:223) ~[na:1.8.0_371]
	at sun.nio.ch.IOUtil.read(IOUtil.java:192) ~[na:1.8.0_371]
	at sun.nio.ch.SocketChannelImpl.read(SocketChannelImpl.java:378) ~[na:1.8.0_371]
	at io.netty.buffer.PooledByteBuf.setBytes(PooledByteBuf.java:256) ~[netty-buffer-4.1.91.Final.jar:4.1.91.Final]
	at io.netty.buffer.AbstractByteBuf.writeBytes(AbstractByteBuf.java:1132) ~[netty-buffer-4.1.91.Final.jar:4.1.91.Final]
	at io.netty.channel.socket.nio.NioSocketChannel.doReadBytes(NioSocketChannel.java:357) ~[netty-transport-4.1.91.Final.jar:4.1.91.Final]
	at io.netty.channel.nio.AbstractNioByteChannel$NioByteUnsafe.read(AbstractNioByteChannel.java:151) ~[netty-transport-4.1.91.Final.jar:4.1.91.Final]
	at io.netty.channel.nio.NioEventLoop.processSelectedKey(NioEventLoop.java:788) [netty-transport-4.1.91.Final.jar:4.1.91.Final]
	at io.netty.channel.nio.NioEventLoop.processSelectedKeysOptimized(NioEventLoop.java:724) [netty-transport-4.1.91.Final.jar:4.1.91.Final]
	at io.netty.channel.nio.NioEventLoop.processSelectedKeys(NioEventLoop.java:650) [netty-transport-4.1.91.Final.jar:4.1.91.Final]
	at io.netty.channel.nio.NioEventLoop.run(NioEventLoop.java:562) [netty-transport-4.1.91.Final.jar:4.1.91.Final]
	at io.netty.util.concurrent.SingleThreadEventExecutor$4.run(SingleThreadEventExecutor.java:997) [netty-common-4.1.91.Final.jar:4.1.91.Final]
	at io.netty.util.internal.ThreadExecutorMap$2.run(ThreadExecutorMap.java:74) [netty-common-4.1.91.Final.jar:4.1.91.Final]
	at io.netty.util.concurrent.FastThreadLocalRunnable.run(FastThreadLocalRunnable.java:30) [netty-common-4.1.91.Final.jar:4.1.91.Final]
	at java.lang.Thread.run(Thread.java:750) [na:1.8.0_371]
[DEBUG] Closing Channel [id: 0x0538d116, L:/127.0.0.1:50356 - R:localhost/127.0.0.1:50350] 
[DEBUG] Trying to recover from dead Channel: [id: 0x619a3b63, L:/127.0.0.1:50357 - R:localhost/127.0.0.1:50350]
[DEBUG] Channel Closed: [id: 0x619a3b63, L:/127.0.0.1:50357 ! R:localhost/127.0.0.1:50350] with attribute NettyResponseFuture{currentRetry=0,
	isDone=1,
	isCancelled=0,
	asyncHandler=org.asynchttpclient.ws.WebSocketUpgradeHandler@6df3dc96,
	nettyRequest=org.asynchttpclient.netty.request.NettyRequest@7d6a9a8f,
	future=java.util.concurrent.CompletableFuture@1bf3342e[Completed normally],
	uri=ws://localhost:50350/devtools/browser/24de46ae-2992-496d-8c30-29fcf5e5035d,
	keepAlive=true,
	redirectCount=0,
	timeoutsHolder=null,
	inAuth=0,
	touch=1684503074771}
[DEBUG] Closing Channel [id: 0x619a3b63, L:/127.0.0.1:50357 ! R:localhost/127.0.0.1:50350] 
[DEBUG] Channel Closed: [id: 0x0538d116, L:/127.0.0.1:50356 ! R:localhost/127.0.0.1:50350] with attribute DISCARD
[DEBUG] 

Request DefaultFullHttpRequest(decodeResult: success, version: HTTP/1.1, content: EmptyByteBufBE)
DELETE /session/3c74d4c9f20254028da224f93bf1bd72/window HTTP/1.1
User-Agent: selenium/4.9.0 (java windows)
Content-Type: application/json; charset=utf-8
host: localhost:21991
accept: */*

Response DefaultHttpResponse(decodeResult: success, version: HTTP/1.1)
HTTP/1.1 200 OK
Content-Length: 12
Content-Type: application/json; charset=utf-8
cache-control: no-cache

[DEBUG] Adding key: http://localhost:21991 for channel [id: 0xf5f0f1e7, L:/127.0.0.1:50349 - R:localhost/127.0.0.1:21991]
  And close browser                                                                      # stepDefinitions.Steps.close_browser()
]]></system-out>
    <system-err><![CDATA[Starting ChromeDriver 112.0.5615.49 (bd2a7bcb881c11e8cfe3078709382934e3916914-refs/branch-heads/5615@{#936}) on port 21991
Only local connections are allowed.
Please see https://chromedriver.chromium.org/security-considerations for suggestions on keeping ChromeDriver safe.
ChromeDriver was started successfully.
[1684503039.930][WARNING]: This version of ChromeDriver has not been tested with Chrome version 113.
May 19, 2023 7:00:40 PM org.openqa.selenium.devtools.CdpVersionFinder findNearestMatch
WARNING: Unable to find an exact match for CDP version 113, so returning the closest version found: 112
]]></system-err>
  </testcase>
  <testcase name="Search a Customer by Name" classname="Customers" time="32.035">
    <system-out><![CDATA[
@regression
Scenario: Search a Customer by Name                                      # Features/Customers.feature:31
[DEBUG] Using new Channel '[id: 0x13a86361, L:/127.0.0.1:50371 - R:localhost/127.0.0.1:10471]' for 'POST' to '/session'
[DEBUG] Entry count for : http://localhost:50350 : 1
[DEBUG] Entry count for : http://localhost:21991 : 1
[DEBUG] Adding Candidate expired Channel [id: 0x0538d116, L:/127.0.0.1:50356 ! R:localhost/127.0.0.1:50350] isIdleTimeoutExpired=false isRemotelyClosed=true isTtlExpired=false
[DEBUG] Closing Idle Channel [id: 0x0538d116, L:/127.0.0.1:50356 ! R:localhost/127.0.0.1:50350]
[DEBUG] Closed 1 connections out of 2 in 0 ms
[DEBUG] 

Request DefaultHttpRequest(decodeResult: success, version: HTTP/1.1)
POST /session HTTP/1.1
User-Agent: selenium/4.9.0 (java windows)
Content-Length: 254
Content-Type: application/json; charset=utf-8
host: localhost:10471
accept: */*

Response DefaultHttpResponse(decodeResult: success, version: HTTP/1.1)
HTTP/1.1 200 OK
Content-Length: 858
Content-Type: application/json; charset=utf-8
cache-control: no-cache

[DEBUG] Adding key: http://localhost:10471 for channel [id: 0x13a86361, L:/127.0.0.1:50371 - R:localhost/127.0.0.1:10471]
[DEBUG] Using new Channel '[id: 0x1aa735ff, L:/127.0.0.1:50378 - R:localhost/127.0.0.1:50372]' for 'GET' to '/json/version'
[DEBUG] 

Request DefaultFullHttpRequest(decodeResult: success, version: HTTP/1.1, content: EmptyByteBufBE)
GET /json/version HTTP/1.1
User-Agent: selenium/4.9.0 (java windows)
host: localhost:50372
accept: */*

Response DefaultHttpResponse(decodeResult: success, version: HTTP/1.1)
HTTP/1.1 200 OK
Content-Security-Policy: frame-ancestors 'none'
Content-Length: 424
Content-Type: application/json; charset=UTF-8

[DEBUG] Adding key: http://localhost:50372 for channel [id: 0x1aa735ff, L:/127.0.0.1:50378 - R:localhost/127.0.0.1:50372]
[DEBUG] Using new Channel '[id: 0xca480212, L:/127.0.0.1:50379 - R:localhost/127.0.0.1:50372]' for 'GET' to '/devtools/browser/d0bd8b0f-e651-4f30-ae5a-2518c9f7e4a2'
[DEBUG] 

Request DefaultFullHttpRequest(decodeResult: success, version: HTTP/1.1, content: EmptyByteBufBE)
GET /devtools/browser/d0bd8b0f-e651-4f30-ae5a-2518c9f7e4a2 HTTP/1.1
upgrade: websocket
connection: upgrade
sec-websocket-key: YIVeMlspQx9EAvqBOVXV1g==
sec-websocket-version: 13
origin: http://localhost:50372
host: localhost:50372
accept: */*
user-agent: AHC/2.1

Response DefaultHttpResponse(decodeResult: success, version: HTTP/1.1)
HTTP/1.1 101 WebSocket Protocol Handshake
Upgrade: WebSocket
Connection: Upgrade
Sec-WebSocket-Accept: yVi8taSbXPOo2K42wrYbh3KqEDw=

  Given User Launch Chrome browser                                       # stepDefinitions.Steps.user_launch_chrome_browser()
[DEBUG] Using pooled Channel '[id: 0x13a86361, L:/127.0.0.1:50371 - R:localhost/127.0.0.1:10471]' for 'POST' to 'http://localhost:10471/session/126570784dcc9d84654235a835fe5cd3/url'
[DEBUG] Using open Channel [id: 0x13a86361, L:/127.0.0.1:50371 - R:localhost/127.0.0.1:10471] for POST '/session/126570784dcc9d84654235a835fe5cd3/url'
[DEBUG] Entry count for : http://localhost:50372 : 1
[DEBUG] Entry count for : http://localhost:21991 : 1
[DEBUG] 

Request DefaultHttpRequest(decodeResult: success, version: HTTP/1.1)
POST /session/126570784dcc9d84654235a835fe5cd3/url HTTP/1.1
User-Agent: selenium/4.9.0 (java windows)
Content-Length: 70
Content-Type: application/json; charset=utf-8
host: localhost:10471
accept: */*

Response DefaultHttpResponse(decodeResult: success, version: HTTP/1.1)
HTTP/1.1 200 OK
Content-Length: 14
Content-Type: application/json; charset=utf-8
cache-control: no-cache

[DEBUG] Adding key: http://localhost:10471 for channel [id: 0x13a86361, L:/127.0.0.1:50371 - R:localhost/127.0.0.1:10471]
[DEBUG] Using pooled Channel '[id: 0x13a86361, L:/127.0.0.1:50371 - R:localhost/127.0.0.1:10471]' for 'POST' to 'http://localhost:10471/session/126570784dcc9d84654235a835fe5cd3/window/maximize'
[DEBUG] Using open Channel [id: 0x13a86361, L:/127.0.0.1:50371 - R:localhost/127.0.0.1:10471] for POST '/session/126570784dcc9d84654235a835fe5cd3/window/maximize'
[DEBUG] 

Request DefaultHttpRequest(decodeResult: success, version: HTTP/1.1)
POST /session/126570784dcc9d84654235a835fe5cd3/window/maximize HTTP/1.1
User-Agent: selenium/4.9.0 (java windows)
Content-Length: 3
Content-Type: application/json; charset=utf-8
host: localhost:10471
accept: */*

Response DefaultHttpResponse(decodeResult: success, version: HTTP/1.1)
HTTP/1.1 200 OK
Content-Length: 51
Content-Type: application/json; charset=utf-8
cache-control: no-cache

[DEBUG] Adding key: http://localhost:10471 for channel [id: 0x13a86361, L:/127.0.0.1:50371 - R:localhost/127.0.0.1:10471]
  When User opens URL "https://admin-demo.nopcommerce.com/login"         # stepDefinitions.Steps.user_opens_url(java.lang.String)
[DEBUG] Using pooled Channel '[id: 0x13a86361, L:/127.0.0.1:50371 - R:localhost/127.0.0.1:10471]' for 'POST' to 'http://localhost:10471/session/126570784dcc9d84654235a835fe5cd3/element'
[DEBUG] Using open Channel [id: 0x13a86361, L:/127.0.0.1:50371 - R:localhost/127.0.0.1:10471] for POST '/session/126570784dcc9d84654235a835fe5cd3/element'
[DEBUG] 

Request DefaultHttpRequest(decodeResult: success, version: HTTP/1.1)
POST /session/126570784dcc9d84654235a835fe5cd3/element HTTP/1.1
User-Agent: selenium/4.9.0 (java windows)
Content-Length: 50
Content-Type: application/json; charset=utf-8
host: localhost:10471
accept: */*

Response DefaultHttpResponse(decodeResult: success, version: HTTP/1.1)
HTTP/1.1 200 OK
Content-Length: 88
Content-Type: application/json; charset=utf-8
cache-control: no-cache

[DEBUG] Adding key: http://localhost:10471 for channel [id: 0x13a86361, L:/127.0.0.1:50371 - R:localhost/127.0.0.1:10471]
[DEBUG] Using pooled Channel '[id: 0x13a86361, L:/127.0.0.1:50371 - R:localhost/127.0.0.1:10471]' for 'POST' to 'http://localhost:10471/session/126570784dcc9d84654235a835fe5cd3/element/224cccb1-d21b-495a-a817-fe01d276ad97/click'
[DEBUG] Using open Channel [id: 0x13a86361, L:/127.0.0.1:50371 - R:localhost/127.0.0.1:10471] for POST '/session/126570784dcc9d84654235a835fe5cd3/element/224cccb1-d21b-495a-a817-fe01d276ad97/click'
[DEBUG] 

Request DefaultHttpRequest(decodeResult: success, version: HTTP/1.1)
POST /session/126570784dcc9d84654235a835fe5cd3/element/224cccb1-d21b-495a-a817-fe01d276ad97/click HTTP/1.1
User-Agent: selenium/4.9.0 (java windows)
Content-Length: 50
Content-Type: application/json; charset=utf-8
host: localhost:10471
accept: */*

Response DefaultHttpResponse(decodeResult: success, version: HTTP/1.1)
HTTP/1.1 200 OK
Content-Length: 14
Content-Type: application/json; charset=utf-8
cache-control: no-cache

[DEBUG] Adding key: http://localhost:10471 for channel [id: 0x13a86361, L:/127.0.0.1:50371 - R:localhost/127.0.0.1:10471]
[DEBUG] Using pooled Channel '[id: 0x13a86361, L:/127.0.0.1:50371 - R:localhost/127.0.0.1:10471]' for 'POST' to 'http://localhost:10471/session/126570784dcc9d84654235a835fe5cd3/element'
[DEBUG] Using open Channel [id: 0x13a86361, L:/127.0.0.1:50371 - R:localhost/127.0.0.1:10471] for POST '/session/126570784dcc9d84654235a835fe5cd3/element'
[DEBUG] 

Request DefaultHttpRequest(decodeResult: success, version: HTTP/1.1)
POST /session/126570784dcc9d84654235a835fe5cd3/element HTTP/1.1
User-Agent: selenium/4.9.0 (java windows)
Content-Length: 50
Content-Type: application/json; charset=utf-8
host: localhost:10471
accept: */*

Response DefaultHttpResponse(decodeResult: success, version: HTTP/1.1)
HTTP/1.1 200 OK
Content-Length: 88
Content-Type: application/json; charset=utf-8
cache-control: no-cache

[DEBUG] Adding key: http://localhost:10471 for channel [id: 0x13a86361, L:/127.0.0.1:50371 - R:localhost/127.0.0.1:10471]
[DEBUG] Using pooled Channel '[id: 0x13a86361, L:/127.0.0.1:50371 - R:localhost/127.0.0.1:10471]' for 'POST' to 'http://localhost:10471/session/126570784dcc9d84654235a835fe5cd3/element/224cccb1-d21b-495a-a817-fe01d276ad97/clear'
[DEBUG] Using open Channel [id: 0x13a86361, L:/127.0.0.1:50371 - R:localhost/127.0.0.1:10471] for POST '/session/126570784dcc9d84654235a835fe5cd3/element/224cccb1-d21b-495a-a817-fe01d276ad97/clear'
[DEBUG] 

Request DefaultHttpRequest(decodeResult: success, version: HTTP/1.1)
POST /session/126570784dcc9d84654235a835fe5cd3/element/224cccb1-d21b-495a-a817-fe01d276ad97/clear HTTP/1.1
User-Agent: selenium/4.9.0 (java windows)
[...]
[DEBUG] Using open Channel [id: 0x13a86361, L:/127.0.0.1:50371 - R:localhost/127.0.0.1:10471] for POST '/session/126570784dcc9d84654235a835fe5cd3/element/abe46ebc-1267-4d0c-b0e7-accf3bbf6854/value'
[DEBUG] 

Request DefaultHttpRequest(decodeResult: success, version: HTTP/1.1)
POST /session/126570784dcc9d84654235a835fe5cd3/element/abe46ebc-1267-4d0c-b0e7-accf3bbf6854/value HTTP/1.1
User-Agent: selenium/4.9.0 (java windows)
Content-Length: 161
Content-Type: application/json; charset=utf-8
host: localhost:10471
accept: */*

Response DefaultHttpResponse(decodeResult: success, version: HTTP/1.1)
HTTP/1.1 200 OK
Content-Length: 14
Content-Type: application/json; charset=utf-8
cache-control: no-cache

[DEBUG] Adding key: http://localhost:10471 for channel [id: 0x13a86361, L:/127.0.0.1:50371 - R:localhost/127.0.0.1:10471]
  And Enter customer FirstName                                           # stepDefinitions.Steps.enter_customer_first_name()
[DEBUG] Using pooled Channel '[id: 0x13a86361, L:/127.0.0.1:50371 - R:localhost/127.0.0.1:10471]' for 'POST' to 'http://localhost:10471/session/126570784dcc9d84654235a835fe5cd3/element'
[DEBUG] Using open Channel [id: 0x13a86361, L:/127.0.0.1:50371 - R:localhost/127.0.0.1:10471] for POST '/session/126570784dcc9d84654235a835fe5cd3/element'
[DEBUG] 

Request DefaultHttpRequest(decodeResult: success, version: HTTP/1.1)
POST /session/126570784dcc9d84654235a835fe5cd3/element HTTP/1.1
User-Agent: selenium/4.9.0 (java windows)
Content-Length: 76
Content-Type: application/json; charset=utf-8
host: localhost:10471
accept: */*

Response DefaultHttpResponse(decodeResult: success, version: HTTP/1.1)
HTTP/1.1 200 OK
Content-Length: 88
Content-Type: application/json; charset=utf-8
cache-control: no-cache

[DEBUG] Adding key: http://localhost:10471 for channel [id: 0x13a86361, L:/127.0.0.1:50371 - R:localhost/127.0.0.1:10471]
[DEBUG] Using pooled Channel '[id: 0x13a86361, L:/127.0.0.1:50371 - R:localhost/127.0.0.1:10471]' for 'POST' to 'http://localhost:10471/session/126570784dcc9d84654235a835fe5cd3/element/f6d548c7-c179-4df5-9758-2b905a1fe59e/clear'
[DEBUG] Using open Channel [id: 0x13a86361, L:/127.0.0.1:50371 - R:localhost/127.0.0.1:10471] for POST '/session/126570784dcc9d84654235a835fe5cd3/element/f6d548c7-c179-4df5-9758-2b905a1fe59e/clear'
[DEBUG] 

Request DefaultHttpRequest(decodeResult: success, version: HTTP/1.1)
POST /session/126570784dcc9d84654235a835fe5cd3/element/f6d548c7-c179-4df5-9758-2b905a1fe59e/clear HTTP/1.1
User-Agent: selenium/4.9.0 (java windows)
Content-Length: 50
Content-Type: application/json; charset=utf-8
host: localhost:10471
accept: */*

Response DefaultHttpResponse(decodeResult: success, version: HTTP/1.1)
HTTP/1.1 200 OK
Content-Length: 14
Content-Type: application/json; charset=utf-8
cache-control: no-cache

[DEBUG] Adding key: http://localhost:10471 for channel [id: 0x13a86361, L:/127.0.0.1:50371 - R:localhost/127.0.0.1:10471]
[DEBUG] Using pooled Channel '[id: 0x13a86361, L:/127.0.0.1:50371 - R:localhost/127.0.0.1:10471]' for 'POST' to 'http://localhost:10471/session/126570784dcc9d84654235a835fe5cd3/element'
[DEBUG] Using open Channel [id: 0x13a86361, L:/127.0.0.1:50371 - R:localhost/127.0.0.1:10471] for POST '/session/126570784dcc9d84654235a835fe5cd3/element'
[DEBUG] 

Request DefaultHttpRequest(decodeResult: success, version: HTTP/1.1)
POST /session/126570784dcc9d84654235a835fe5cd3/element HTTP/1.1
User-Agent: selenium/4.9.0 (java windows)
Content-Length: 76
Content-Type: application/json; charset=utf-8
host: localhost:10471
accept: */*

Response DefaultHttpResponse(decodeResult: success, version: HTTP/1.1)
HTTP/1.1 200 OK
Content-Length: 88
Content-Type: application/json; charset=utf-8
cache-control: no-cache

[DEBUG] Adding key: http://localhost:10471 for channel [id: 0x13a86361, L:/127.0.0.1:50371 - R:localhost/127.0.0.1:10471]
[DEBUG] Using pooled Channel '[id: 0x13a86361, L:/127.0.0.1:50371 - R:localhost/127.0.0.1:10471]' for 'POST' to 'http://localhost:10471/session/126570784dcc9d84654235a835fe5cd3/element/f6d548c7-c179-4df5-9758-2b905a1fe59e/value'
[DEBUG] Using open Channel [id: 0x13a86361, L:/127.0.0.1:50371 - R:localhost/127.0.0.1:10471] for POST '/session/126570784dcc9d84654235a835fe5cd3/element/f6d548c7-c179-4df5-9758-2b905a1fe59e/value'
[DEBUG] 

Request DefaultHttpRequest(decodeResult: success, version: HTTP/1.1)
POST /session/126570784dcc9d84654235a835fe5cd3/element/f6d548c7-c179-4df5-9758-2b905a1fe59e/value HTTP/1.1
User-Agent: selenium/4.9.0 (java windows)
Content-Length: 141
Content-Type: application/json; charset=utf-8
host: localhost:10471
accept: */*

Response DefaultHttpResponse(decodeResult: success, version: HTTP/1.1)
HTTP/1.1 200 OK
Content-Length: 14
Content-Type: application/json; charset=utf-8
cache-control: no-cache

[DEBUG] Adding key: http://localhost:10471 for channel [id: 0x13a86361, L:/127.0.0.1:50371 - R:localhost/127.0.0.1:10471]
  And Enter customer LastName                                            # stepDefinitions.Steps.enter_customer_last_name()
[DEBUG] Using pooled Channel '[id: 0x13a86361, L:/127.0.0.1:50371 - R:localhost/127.0.0.1:10471]' for 'POST' to 'http://localhost:10471/session/126570784dcc9d84654235a835fe5cd3/element'
[DEBUG] Using open Channel [id: 0x13a86361, L:/127.0.0.1:50371 - R:localhost/127.0.0.1:10471] for POST '/session/126570784dcc9d84654235a835fe5cd3/element'
[DEBUG] 

Request DefaultHttpRequest(decodeResult: success, version: HTTP/1.1)
POST /session/126570784dcc9d84654235a835fe5cd3/element HTTP/1.1
User-Agent: selenium/4.9.0 (java windows)
Content-Length: 79
Content-Type: application/json; charset=utf-8
host: localhost:10471
accept: */*

Response DefaultHttpResponse(decodeResult: success, version: HTTP/1.1)
HTTP/1.1 200 OK
Content-Length: 88
Content-Type: application/json; charset=utf-8
cache-control: no-cache

[DEBUG] Adding key: http://localhost:10471 for channel [id: 0x13a86361, L:/127.0.0.1:50371 - R:localhost/127.0.0.1:10471]
[DEBUG] Using pooled Channel '[id: 0x13a86361, L:/127.0.0.1:50371 - R:localhost/127.0.0.1:10471]' for 'POST' to 'http://localhost:10471/session/126570784dcc9d84654235a835fe5cd3/element/d74df97e-057f-4f68-87de-c527ec116819/click'
[DEBUG] Using open Channel [id: 0x13a86361, L:/127.0.0.1:50371 - R:localhost/127.0.0.1:10471] for POST '/session/126570784dcc9d84654235a835fe5cd3/element/d74df97e-057f-4f68-87de-c527ec116819/click'
[DEBUG] 

Request DefaultHttpRequest(decodeResult: success, version: HTTP/1.1)
POST /session/126570784dcc9d84654235a835fe5cd3/element/d74df97e-057f-4f68-87de-c527ec116819/click HTTP/1.1
User-Agent: selenium/4.9.0 (java windows)
Content-Length: 50
Content-Type: application/json; charset=utf-8
host: localhost:10471
accept: */*

Response DefaultHttpResponse(decodeResult: success, version: HTTP/1.1)
HTTP/1.1 200 OK
Content-Length: 14
Content-Type: application/json; charset=utf-8
cache-control: no-cache

[DEBUG] Adding key: http://localhost:10471 for channel [id: 0x13a86361, L:/127.0.0.1:50371 - R:localhost/127.0.0.1:10471]
[DEBUG] Using pooled Channel '[id: 0x13a86361, L:/127.0.0.1:50371 - R:localhost/127.0.0.1:10471]' for 'POST' to 'http://localhost:10471/session/126570784dcc9d84654235a835fe5cd3/execute/sync'
[DEBUG] Using open Channel [id: 0x13a86361, L:/127.0.0.1:50371 - R:localhost/127.0.0.1:10471] for POST '/session/126570784dcc9d84654235a835fe5cd3/execute/sync'
[DEBUG] 

Request DefaultHttpRequest(decodeResult: success, version: HTTP/1.1)
POST /session/126570784dcc9d84654235a835fe5cd3/execute/sync HTTP/1.1
User-Agent: selenium/4.9.0 (java windows)
Content-Length: 64
Content-Type: application/json; charset=utf-8
host: localhost:10471
accept: */*

Response DefaultHttpResponse(decodeResult: success, version: HTTP/1.1)
HTTP/1.1 200 OK
Content-Length: 14
Content-Type: application/json; charset=utf-8
cache-control: no-cache

[DEBUG] Adding key: http://localhost:10471 for channel [id: 0x13a86361, L:/127.0.0.1:50371 - R:localhost/127.0.0.1:10471]
[DEBUG] Entry count for : http://localhost:10471 : 1
[DEBUG] Entry count for : http://localhost:50372 : 1
[DEBUG] Entry count for : http://localhost:21991 : 1
[DEBUG] Entry count for : http://localhost:10471 : 1
[DEBUG] Entry count for : http://localhost:50372 : 1
[DEBUG] Entry count for : http://localhost:21991 : 1
[DEBUG] Entry count for : http://localhost:10471 : 1
[DEBUG] Entry count for : http://localhost:50372 : 1
[DEBUG] Entry count for : http://localhost:21991 : 1
[DEBUG] Entry count for : http://localhost:10471 : 1
[DEBUG] Entry count for : http://localhost:50372 : 1
[DEBUG] Entry count for : http://localhost:21991 : 1
  When User click on search button                                       # stepDefinitions.Steps.user_click_on_search_button()
[DEBUG] Using pooled Channel '[id: 0x13a86361, L:/127.0.0.1:50371 - R:localhost/127.0.0.1:10471]' for 'POST' to 'http://localhost:10471/session/126570784dcc9d84654235a835fe5cd3/elements'
[DEBUG] Using open Channel [id: 0x13a86361, L:/127.0.0.1:50371 - R:localhost/127.0.0.1:10471] for POST '/session/126570784dcc9d84654235a835fe5cd3/elements'
[DEBUG] Entry count for : http://localhost:50372 : 1
[DEBUG] Entry count for : http://localhost:21991 : 1
[DEBUG] 

Request DefaultHttpRequest(decodeResult: success, version: HTTP/1.1)
POST /session/126570784dcc9d84654235a835fe5cd3/elements HTTP/1.1
User-Agent: selenium/4.9.0 (java windows)
Content-Length: 107
Content-Type: application/json; charset=utf-8
host: localhost:10471
accept: */*

Response DefaultHttpResponse(decodeResult: success, version: HTTP/1.1)
HTTP/1.1 200 OK
Content-Length: 90
Content-Type: application/json; charset=utf-8
cache-control: no-cache

[DEBUG] Adding key: http://localhost:10471 for channel [id: 0x13a86361, L:/127.0.0.1:50371 - R:localhost/127.0.0.1:10471]
[DEBUG] Using pooled Channel '[id: 0x13a86361, L:/127.0.0.1:50371 - R:localhost/127.0.0.1:10471]' for 'POST' to 'http://localhost:10471/session/126570784dcc9d84654235a835fe5cd3/element'
[DEBUG] Using open Channel [id: 0x13a86361, L:/127.0.0.1:50371 - R:localhost/127.0.0.1:10471] for POST '/session/126570784dcc9d84654235a835fe5cd3/element'
[DEBUG] 

Request DefaultHttpRequest(decodeResult: success, version: HTTP/1.1)
POST /session/126570784dcc9d84654235a835fe5cd3/element HTTP/1.1
User-Agent: selenium/4.9.0 (java windows)
Content-Length: 121
Content-Type: application/json; charset=utf-8
host: localhost:10471
accept: */*

Response DefaultHttpResponse(decodeResult: success, version: HTTP/1.1)
HTTP/1.1 200 OK
Content-Length: 88
Content-Type: application/json; charset=utf-8
cache-control: no-cache

[DEBUG] Adding key: http://localhost:10471 for channel [id: 0x13a86361, L:/127.0.0.1:50371 - R:localhost/127.0.0.1:10471]
[DEBUG] Using pooled Channel '[id: 0x13a86361, L:/127.0.0.1:50371 - R:localhost/127.0.0.1:10471]' for 'GET' to 'http://localhost:10471/session/126570784dcc9d84654235a835fe5cd3/element/3133b1f1-f6f5-4069-a7c7-9d4ea9b0a4b7/text'
[DEBUG] Using open Channel [id: 0x13a86361, L:/127.0.0.1:50371 - R:localhost/127.0.0.1:10471] for GET '/session/126570784dcc9d84654235a835fe5cd3/element/3133b1f1-f6f5-4069-a7c7-9d4ea9b0a4b7/text'
[DEBUG] 

Request DefaultFullHttpRequest(decodeResult: success, version: HTTP/1.1, content: EmptyByteBufBE)
GET /session/126570784dcc9d84654235a835fe5cd3/element/3133b1f1-f6f5-4069-a7c7-9d4ea9b0a4b7/text HTTP/1.1
User-Agent: selenium/4.9.0 (java windows)
Cache-Control: no-cache
Content-Type: application/json; charset=utf-8
host: localhost:10471
accept: */*

Response DefaultHttpResponse(decodeResult: success, version: HTTP/1.1)
HTTP/1.1 200 OK
Content-Length: 27
Content-Type: application/json; charset=utf-8
cache-control: no-cache

[DEBUG] Adding key: http://localhost:10471 for channel [id: 0x13a86361, L:/127.0.0.1:50371 - R:localhost/127.0.0.1:10471]
Victoria Terces
[DEBUG] Using pooled Channel '[id: 0x13a86361, L:/127.0.0.1:50371 - R:localhost/127.0.0.1:10471]' for 'POST' to 'http://localhost:10471/session/126570784dcc9d84654235a835fe5cd3/elements'
[DEBUG] Using open Channel [id: 0x13a86361, L:/127.0.0.1:50371 - R:localhost/127.0.0.1:10471] for POST '/session/126570784dcc9d84654235a835fe5cd3/elements'
[DEBUG] 

Request DefaultHttpRequest(decodeResult: success, version: HTTP/1.1)
POST /session/126570784dcc9d84654235a835fe5cd3/elements HTTP/1.1
User-Agent: selenium/4.9.0 (java windows)
Content-Length: 107
Content-Type: application/json; charset=utf-8
host: localhost:10471
accept: */*

Response DefaultHttpResponse(decodeResult: success, version: HTTP/1.1)
HTTP/1.1 200 OK
Content-Length: 90
Content-Type: application/json; charset=utf-8
cache-control: no-cache

[DEBUG] Adding key: http://localhost:10471 for channel [id: 0x13a86361, L:/127.0.0.1:50371 - R:localhost/127.0.0.1:10471]
  Then User should found Name in the Search table                        # stepDefinitions.Steps.user_should_found_name_in_the_search_table()
[DEBUG] Using pooled Channel '[id: 0x13a86361, L:/127.0.0.1:50371 - R:localhost/127.0.0.1:10471]' for 'DELETE' to 'http://localhost:10471/session/126570784dcc9d84654235a835fe5cd3/window'
[DEBUG] Using open Channel [id: 0x13a86361, L:/127.0.0.1:50371 - R:localhost/127.0.0.1:10471] for DELETE '/session/126570784dcc9d84654235a835fe5cd3/window'
[DEBUG] Unexpected I/O exception on channel [id: 0xca480212, L:/127.0.0.1:50379 - R:localhost/127.0.0.1:50372]
java.io.IOException: An existing connection was forcibly closed by the remote host
	at sun.nio.ch.SocketDispatcher.read0(Native Method) ~[na:1.8.0_371]
	at sun.nio.ch.SocketDispatcher.read(SocketDispatcher.java:43) ~[na:1.8.0_371]
	at sun.nio.ch.IOUtil.readIntoNativeBuffer(IOUtil.java:223) ~[na:1.8.0_371]
	at sun.nio.ch.IOUtil.read(IOUtil.java:192) ~[na:1.8.0_371]
	at sun.nio.ch.SocketChannelImpl.read(SocketChannelImpl.java:378) ~[na:1.8.0_371]
	at io.netty.buffer.PooledByteBuf.setBytes(PooledByteBuf.java:256) ~[netty-buffer-4.1.91.Final.jar:4.1.91.Final]
	at io.netty.buffer.AbstractByteBuf.writeBytes(AbstractByteBuf.java:1132) ~[netty-buffer-4.1.91.Final.jar:4.1.91.Final]
	at io.netty.channel.socket.nio.NioSocketChannel.doReadBytes(NioSocketChannel.java:357) ~[netty-transport-4.1.91.Final.jar:4.1.91.Final]
	at io.netty.channel.nio.AbstractNioByteChannel$NioByteUnsafe.read(AbstractNioByteChannel.java:151) ~[netty-transport-4.1.91.Final.jar:4.1.91.Final]
	at io.netty.channel.nio.NioEventLoop.processSelectedKey(NioEventLoop.java:788) [netty-transport-4.1.91.Final.jar:4.1.91.Final]
	at io.netty.channel.nio.NioEventLoop.processSelectedKeysOptimized(NioEventLoop.java:724) [netty-transport-4.1.91.Final.jar:4.1.91.Final]
	at io.netty.channel.nio.NioEventLoop.processSelectedKeys(NioEventLoop.java:650) [netty-transport-4.1.91.Final.jar:4.1.91.Final]
	at io.netty.channel.nio.NioEventLoop.run(NioEventLoop.java:562) [netty-transport-4.1.91.Final.jar:4.1.91.Final]
	at io.netty.util.concurrent.SingleThreadEventExecutor$4.run(SingleThreadEventExecutor.java:997) [netty-common-4.1.91.Final.jar:4.1.91.Final]
	at io.netty.util.internal.ThreadExecutorMap$2.run(ThreadExecutorMap.java:74) [netty-common-4.1.91.Final.jar:4.1.91.Final]
	at io.netty.util.concurrent.FastThreadLocalRunnable.run(FastThreadLocalRunnable.java:30) [netty-common-4.1.91.Final.jar:4.1.91.Final]
	at java.lang.Thread.run(Thread.java:750) [na:1.8.0_371]
[DEBUG] Unexpected I/O exception on channel [id: 0x1aa735ff, L:/127.0.0.1:50378 - R:localhost/127.0.0.1:50372]
java.io.IOException: An existing connection was forcibly closed by the remote host
	at sun.nio.ch.SocketDispatcher.read0(Native Method) ~[na:1.8.0_371]
	at sun.nio.ch.SocketDispatcher.read(SocketDispatcher.java:43) ~[na:1.8.0_371]
	at sun.nio.ch.IOUtil.readIntoNativeBuffer(IOUtil.java:223) ~[na:1.8.0_371]
	at sun.nio.ch.IOUtil.read(IOUtil.java:192) ~[na:1.8.0_371]
	at sun.nio.ch.SocketChannelImpl.read(SocketChannelImpl.java:378) ~[na:1.8.0_371]
	at io.netty.buffer.PooledByteBuf.setBytes(PooledByteBuf.java:256) ~[netty-buffer-4.1.91.Final.jar:4.1.91.Final]
	at io.netty.buffer.AbstractByteBuf.writeBytes(AbstractByteBuf.java:1132) ~[netty-buffer-4.1.91.Final.jar:4.1.91.Final]
	at io.netty.channel.socket.nio.NioSocketChannel.doReadBytes(NioSocketChannel.java:357) ~[netty-transport-4.1.91.Final.jar:4.1.91.Final]
	at io.netty.channel.nio.AbstractNioByteChannel$NioByteUnsafe.read(AbstractNioByteChannel.java:151) ~[netty-transport-4.1.91.Final.jar:4.1.91.Final]
	at io.netty.channel.nio.NioEventLoop.processSelectedKey(NioEventLoop.java:788) [netty-transport-4.1.91.Final.jar:4.1.91.Final]
	at io.netty.channel.nio.NioEventLoop.processSelectedKeysOptimized(NioEventLoop.java:724) [netty-transport-4.1.91.Final.jar:4.1.91.Final]
	at io.netty.channel.nio.NioEventLoop.processSelectedKeys(NioEventLoop.java:650) [netty-transport-4.1.91.Final.jar:4.1.91.Final]
	at io.netty.channel.nio.NioEventLoop.run(NioEventLoop.java:562) [netty-transport-4.1.91.Final.jar:4.1.91.Final]
	at io.netty.util.concurrent.SingleThreadEventExecutor$4.run(SingleThreadEventExecutor.java:997) [netty-common-4.1.91.Final.jar:4.1.91.Final]
	at io.netty.util.internal.ThreadExecutorMap$2.run(ThreadExecutorMap.java:74) [netty-common-4.1.91.Final.jar:4.1.91.Final]
	at io.netty.util.concurrent.FastThreadLocalRunnable.run(FastThreadLocalRunnable.java:30) [netty-common-4.1.91.Final.jar:4.1.91.Final]
	at java.lang.Thread.run(Thread.java:750) [na:1.8.0_371]
[DEBUG] Closing Channel [id: 0x1aa735ff, L:/127.0.0.1:50378 - R:localhost/127.0.0.1:50372] 
[DEBUG] Trying to recover from dead Channel: [id: 0xca480212, L:/127.0.0.1:50379 - R:localhost/127.0.0.1:50372]
[DEBUG] Channel Closed: [id: 0x1aa735ff, L:/127.0.0.1:50378 ! R:localhost/127.0.0.1:50372] with attribute DISCARD
[DEBUG] Channel Closed: [id: 0xca480212, L:/127.0.0.1:50379 ! R:localhost/127.0.0.1:50372] with attribute NettyResponseFuture{currentRetry=0,
	isDone=1,
	isCancelled=0,
	asyncHandler=org.asynchttpclient.ws.WebSocketUpgradeHandler@7ca41411,
	nettyRequest=org.asynchttpclient.netty.request.NettyRequest@39a695e1,
	future=java.util.concurrent.CompletableFuture@2c1442c3[Completed normally],
	uri=ws://localhost:50372/devtools/browser/d0bd8b0f-e651-4f30-ae5a-2518c9f7e4a2,
	keepAlive=true,
	redirectCount=0,
	timeoutsHolder=null,
	inAuth=0,
	touch=1684503106837}
[DEBUG] Closing Channel [id: 0xca480212, L:/127.0.0.1:50379 ! R:localhost/127.0.0.1:50372] 
[DEBUG] 

Request DefaultFullHttpRequest(decodeResult: success, version: HTTP/1.1, content: EmptyByteBufBE)
DELETE /session/126570784dcc9d84654235a835fe5cd3/window HTTP/1.1
User-Agent: selenium/4.9.0 (java windows)
Content-Type: application/json; charset=utf-8
host: localhost:10471
accept: */*

Response DefaultHttpResponse(decodeResult: success, version: HTTP/1.1)
HTTP/1.1 200 OK
Content-Length: 12
Content-Type: application/json; charset=utf-8
cache-control: no-cache

[DEBUG] Adding key: http://localhost:10471 for channel [id: 0x13a86361, L:/127.0.0.1:50371 - R:localhost/127.0.0.1:10471]
  And close browser                                                      # stepDefinitions.Steps.close_browser()
]]></system-out>
    <system-err><![CDATA[Starting ChromeDriver 112.0.5615.49 (bd2a7bcb881c11e8cfe3078709382934e3916914-refs/branch-heads/5615@{#936}) on port 10471
Only local connections are allowed.
Please see https://chromedriver.chromium.org/security-considerations for suggestions on keeping ChromeDriver safe.
ChromeDriver was started successfully.
[1684503076.028][WARNING]: This version of ChromeDriver has not been tested with Chrome version 113.
May 19, 2023 7:01:16 PM org.openqa.selenium.devtools.CdpVersionFinder findNearestMatch
WARNING: Unable to find an exact match for CDP version 113, so returning the closest version found: 112
]]></system-err>
  </testcase>
</testsuite>